#-----------------------------------------------------------
# Vivado v2014.4 (64-bit)
# SW Build 1071353 on Tue Nov 18 18:29:27 MST 2014
# IP Build 1070531 on Tue Nov 18 01:10:18 MST 2014
# Start of session at: Thu Sep 10 14:39:36 2015
# Process ID: 9064
# Log file: C:/Users/Tim-UML/Documents/GitHub/MA_1/Commu_with_C_Code/vivado.log
# Journal file: C:/Users/Tim-UML/Documents/GitHub/MA_1/Commu_with_C_Code\vivado.jou
#-----------------------------------------------------------
start_gui
open_project C:/Users/Tim-UML/Documents/GitHub/MA_1/Commu_with_C_Code/Commu_with_C_Code.xpr
Scanning sources...
Finished scanning sources
INFO: [IP_Flow 19-234] Refreshing IP repositories
INFO: [IP_Flow 19-1704] No user IP repositories specified
INFO: [IP_Flow 19-2313] Loaded Vivado IP repository 'C:/Xilinx/Vivado/2014.4/data/ip'.
open_project: Time (s): cpu = 00:00:13 ; elapsed = 00:00:05 . Memory (MB): peak = 768.457 ; gain = 205.910
synth_design -rtl -name rtl_1
Command: synth_design -rtl -name rtl_1
Starting synth_design
Using part: xc7z020clg400-1
Top: design_1_wrapper
---------------------------------------------------------------------------------
Starting RTL Elaboration : Time (s): cpu = 00:00:30 ; elapsed = 00:00:52 . Memory (MB): peak = 779.992 ; gain = 621.379
---------------------------------------------------------------------------------
INFO: [Synth 8-638] synthesizing module 'design_1_wrapper' [C:/Users/Tim-UML/Documents/GitHub/MA_1/Commu_with_C_Code/Commu_with_C_Code.srcs/sources_1/bd/design_1/hdl/design_1_wrapper.v:12]
WARNING: [Synth 8-4446] all outputs are unconnected for this instance and logic may be removed [C:/Users/Tim-UML/Documents/GitHub/MA_1/Commu_with_C_Code/Commu_with_C_Code.srcs/sources_1/bd/design_1/hdl/design_1_wrapper.v:78]
INFO: [Synth 8-638] synthesizing module 'design_1' [C:/Users/Tim-UML/Documents/GitHub/MA_1/Commu_with_C_Code/Commu_with_C_Code.srcs/sources_1/bd/design_1/hdl/design_1.v:12]
INFO: [Synth 8-638] synthesizing module 'GND' [C:/Xilinx/Vivado/2014.4/scripts/rt/data/unisim_comp.v:3852]
INFO: [Synth 8-256] done synthesizing module 'GND' (1#1) [C:/Xilinx/Vivado/2014.4/scripts/rt/data/unisim_comp.v:3852]
INFO: [Synth 8-638] synthesizing module 'design_1_processing_system7_0_0' [c:/Users/Tim-UML/Documents/GitHub/MA_1/Commu_with_C_Code/Commu_with_C_Code.srcs/sources_1/bd/design_1/ip/design_1_processing_system7_0_0/synth/design_1_processing_system7_0_0.v:57]
INFO: [Synth 8-638] synthesizing module 'processing_system7_v5_5_processing_system7' [c:/Users/Tim-UML/Documents/GitHub/MA_1/Commu_with_C_Code/Commu_with_C_Code.srcs/sources_1/bd/design_1/ip/design_1_processing_system7_0_0/hdl/verilog/processing_system7_v5_5_processing_system7.v:154]
	Parameter C_USE_DEFAULT_ACP_USER_VAL bound to: 0 - type: integer 
	Parameter C_S_AXI_ACP_ARUSER_VAL bound to: 31 - type: integer 
	Parameter C_S_AXI_ACP_AWUSER_VAL bound to: 31 - type: integer 
	Parameter C_M_AXI_GP0_THREAD_ID_WIDTH bound to: 12 - type: integer 
	Parameter C_M_AXI_GP1_THREAD_ID_WIDTH bound to: 12 - type: integer 
	Parameter C_M_AXI_GP0_ENABLE_STATIC_REMAP bound to: 0 - type: integer 
	Parameter C_M_AXI_GP1_ENABLE_STATIC_REMAP bound to: 0 - type: integer 
	Parameter C_M_AXI_GP0_ID_WIDTH bound to: 12 - type: integer 
	Parameter C_M_AXI_GP1_ID_WIDTH bound to: 12 - type: integer 
	Parameter C_S_AXI_GP0_ID_WIDTH bound to: 6 - type: integer 
	Parameter C_S_AXI_GP1_ID_WIDTH bound to: 6 - type: integer 
	Parameter C_S_AXI_HP0_ID_WIDTH bound to: 6 - type: integer 
	Parameter C_S_AXI_HP1_ID_WIDTH bound to: 6 - type: integer 
	Parameter C_S_AXI_HP2_ID_WIDTH bound to: 6 - type: integer 
	Parameter C_S_AXI_HP3_ID_WIDTH bound to: 6 - type: integer 
	Parameter C_S_AXI_ACP_ID_WIDTH bound to: 3 - type: integer 
	Parameter C_S_AXI_HP0_DATA_WIDTH bound to: 64 - type: integer 
	Parameter C_S_AXI_HP1_DATA_WIDTH bound to: 64 - type: integer 
	Parameter C_S_AXI_HP2_DATA_WIDTH bound to: 64 - type: integer 
	Parameter C_S_AXI_HP3_DATA_WIDTH bound to: 64 - type: integer 
	Parameter C_INCLUDE_ACP_TRANS_CHECK bound to: 0 - type: integer 
	Parameter C_NUM_F2P_INTR_INPUTS bound to: 1 - type: integer 
	Parameter C_FCLK_CLK0_BUF bound to: true - type: string 
	Parameter C_FCLK_CLK1_BUF bound to: false - type: string 
	Parameter C_FCLK_CLK2_BUF bound to: false - type: string 
	Parameter C_FCLK_CLK3_BUF bound to: false - type: string 
	Parameter C_EMIO_GPIO_WIDTH bound to: 64 - type: integer 
	Parameter C_INCLUDE_TRACE_BUFFER bound to: 0 - type: integer 
	Parameter C_TRACE_BUFFER_FIFO_SIZE bound to: 128 - type: integer 
	Parameter C_TRACE_BUFFER_CLOCK_DELAY bound to: 12 - type: integer 
	Parameter USE_TRACE_DATA_EDGE_DETECTOR bound to: 0 - type: integer 
	Parameter C_TRACE_PIPELINE_WIDTH bound to: 8 - type: integer 
	Parameter C_PS7_SI_REV bound to: PRODUCTION - type: string 
	Parameter C_EN_EMIO_ENET0 bound to: 0 - type: integer 
	Parameter C_EN_EMIO_ENET1 bound to: 0 - type: integer 
	Parameter C_EN_EMIO_TRACE bound to: 0 - type: integer 
	Parameter C_DQ_WIDTH bound to: 32 - type: integer 
	Parameter C_DQS_WIDTH bound to: 4 - type: integer 
	Parameter C_DM_WIDTH bound to: 4 - type: integer 
	Parameter C_MIO_PRIMITIVE bound to: 54 - type: integer 
	Parameter C_PACKAGE_NAME bound to: clg400 - type: string 
	Parameter C_IRQ_F2P_MODE bound to: DIRECT - type: string 
	Parameter C_TRACE_INTERNAL_WIDTH bound to: 2 - type: integer 
	Parameter C_EN_EMIO_PJTAG bound to: 0 - type: integer 
INFO: [Synth 8-638] synthesizing module 'BUFG' [C:/Xilinx/Vivado/2014.4/scripts/rt/data/unisim_comp.v:606]
INFO: [Synth 8-256] done synthesizing module 'BUFG' (2#1) [C:/Xilinx/Vivado/2014.4/scripts/rt/data/unisim_comp.v:606]
WARNING: [Synth 8-4446] all outputs are unconnected for this instance and logic may be removed [c:/Users/Tim-UML/Documents/GitHub/MA_1/Commu_with_C_Code/Commu_with_C_Code.srcs/sources_1/bd/design_1/ip/design_1_processing_system7_0_0/hdl/verilog/processing_system7_v5_5_processing_system7.v:2232]
INFO: [Synth 8-638] synthesizing module 'BIBUF' [C:/Xilinx/Vivado/2014.4/scripts/rt/data/unisim_comp.v:268]
INFO: [Synth 8-256] done synthesizing module 'BIBUF' (3#1) [C:/Xilinx/Vivado/2014.4/scripts/rt/data/unisim_comp.v:268]
WARNING: [Synth 8-4446] all outputs are unconnected for this instance and logic may be removed [c:/Users/Tim-UML/Documents/GitHub/MA_1/Commu_with_C_Code/Commu_with_C_Code.srcs/sources_1/bd/design_1/ip/design_1_processing_system7_0_0/hdl/verilog/processing_system7_v5_5_processing_system7.v:2233]
WARNING: [Synth 8-4446] all outputs are unconnected for this instance and logic may be removed [c:/Users/Tim-UML/Documents/GitHub/MA_1/Commu_with_C_Code/Commu_with_C_Code.srcs/sources_1/bd/design_1/ip/design_1_processing_system7_0_0/hdl/verilog/processing_system7_v5_5_processing_system7.v:2234]
WARNING: [Synth 8-4446] all outputs are unconnected for this instance and logic may be removed [c:/Users/Tim-UML/Documents/GitHub/MA_1/Commu_with_C_Code/Commu_with_C_Code.srcs/sources_1/bd/design_1/ip/design_1_processing_system7_0_0/hdl/verilog/processing_system7_v5_5_processing_system7.v:2235]
WARNING: [Synth 8-4446] all outputs are unconnected for this instance and logic may be removed [c:/Users/Tim-UML/Documents/GitHub/MA_1/Commu_with_C_Code/Commu_with_C_Code.srcs/sources_1/bd/design_1/ip/design_1_processing_system7_0_0/hdl/verilog/processing_system7_v5_5_processing_system7.v:2236]
WARNING: [Synth 8-4446] all outputs are unconnected for this instance and logic may be removed [c:/Users/Tim-UML/Documents/GitHub/MA_1/Commu_with_C_Code/Commu_with_C_Code.srcs/sources_1/bd/design_1/ip/design_1_processing_system7_0_0/hdl/verilog/processing_system7_v5_5_processing_system7.v:2237]
WARNING: [Synth 8-4446] all outputs are unconnected for this instance and logic may be removed [c:/Users/Tim-UML/Documents/GitHub/MA_1/Commu_with_C_Code/Commu_with_C_Code.srcs/sources_1/bd/design_1/ip/design_1_processing_system7_0_0/hdl/verilog/processing_system7_v5_5_processing_system7.v:2238]
WARNING: [Synth 8-4446] all outputs are unconnected for this instance and logic may be removed [c:/Users/Tim-UML/Documents/GitHub/MA_1/Commu_with_C_Code/Commu_with_C_Code.srcs/sources_1/bd/design_1/ip/design_1_processing_system7_0_0/hdl/verilog/processing_system7_v5_5_processing_system7.v:2239]
WARNING: [Synth 8-4446] all outputs are unconnected for this instance and logic may be removed [c:/Users/Tim-UML/Documents/GitHub/MA_1/Commu_with_C_Code/Commu_with_C_Code.srcs/sources_1/bd/design_1/ip/design_1_processing_system7_0_0/hdl/verilog/processing_system7_v5_5_processing_system7.v:2240]
WARNING: [Synth 8-4446] all outputs are unconnected for this instance and logic may be removed [c:/Users/Tim-UML/Documents/GitHub/MA_1/Commu_with_C_Code/Commu_with_C_Code.srcs/sources_1/bd/design_1/ip/design_1_processing_system7_0_0/hdl/verilog/processing_system7_v5_5_processing_system7.v:2241]
WARNING: [Synth 8-4446] all outputs are unconnected for this instance and logic may be removed [c:/Users/Tim-UML/Documents/GitHub/MA_1/Commu_with_C_Code/Commu_with_C_Code.srcs/sources_1/bd/design_1/ip/design_1_processing_system7_0_0/hdl/verilog/processing_system7_v5_5_processing_system7.v:2242]
WARNING: [Synth 8-4446] all outputs are unconnected for this instance and logic may be removed [c:/Users/Tim-UML/Documents/GitHub/MA_1/Commu_with_C_Code/Commu_with_C_Code.srcs/sources_1/bd/design_1/ip/design_1_processing_system7_0_0/hdl/verilog/processing_system7_v5_5_processing_system7.v:2243]
WARNING: [Synth 8-4446] all outputs are unconnected for this instance and logic may be removed [c:/Users/Tim-UML/Documents/GitHub/MA_1/Commu_with_C_Code/Commu_with_C_Code.srcs/sources_1/bd/design_1/ip/design_1_processing_system7_0_0/hdl/verilog/processing_system7_v5_5_processing_system7.v:2244]
WARNING: [Synth 8-4446] all outputs are unconnected for this instance and logic may be removed [c:/Users/Tim-UML/Documents/GitHub/MA_1/Commu_with_C_Code/Commu_with_C_Code.srcs/sources_1/bd/design_1/ip/design_1_processing_system7_0_0/hdl/verilog/processing_system7_v5_5_processing_system7.v:2245]
WARNING: [Synth 8-4446] all outputs are unconnected for this instance and logic may be removed [c:/Users/Tim-UML/Documents/GitHub/MA_1/Commu_with_C_Code/Commu_with_C_Code.srcs/sources_1/bd/design_1/ip/design_1_processing_system7_0_0/hdl/verilog/processing_system7_v5_5_processing_system7.v:2250]
WARNING: [Synth 8-4446] all outputs are unconnected for this instance and logic may be removed [c:/Users/Tim-UML/Documents/GitHub/MA_1/Commu_with_C_Code/Commu_with_C_Code.srcs/sources_1/bd/design_1/ip/design_1_processing_system7_0_0/hdl/verilog/processing_system7_v5_5_processing_system7.v:2250]
WARNING: [Synth 8-4446] all outputs are unconnected for this instance and logic may be removed [c:/Users/Tim-UML/Documents/GitHub/MA_1/Commu_with_C_Code/Commu_with_C_Code.srcs/sources_1/bd/design_1/ip/design_1_processing_system7_0_0/hdl/verilog/processing_system7_v5_5_processing_system7.v:2250]
WARNING: [Synth 8-4446] all outputs are unconnected for this instance and logic may be removed [c:/Users/Tim-UML/Documents/GitHub/MA_1/Commu_with_C_Code/Commu_with_C_Code.srcs/sources_1/bd/design_1/ip/design_1_processing_system7_0_0/hdl/verilog/processing_system7_v5_5_processing_system7.v:2250]
WARNING: [Synth 8-4446] all outputs are unconnected for this instance and logic may be removed [c:/Users/Tim-UML/Documents/GitHub/MA_1/Commu_with_C_Code/Commu_with_C_Code.srcs/sources_1/bd/design_1/ip/design_1_processing_system7_0_0/hdl/verilog/processing_system7_v5_5_processing_system7.v:2250]
WARNING: [Synth 8-4446] all outputs are unconnected for this instance and logic may be removed [c:/Users/Tim-UML/Documents/GitHub/MA_1/Commu_with_C_Code/Commu_with_C_Code.srcs/sources_1/bd/design_1/ip/design_1_processing_system7_0_0/hdl/verilog/processing_system7_v5_5_processing_system7.v:2250]
WARNING: [Synth 8-4446] all outputs are unconnected for this instance and logic may be removed [c:/Users/Tim-UML/Documents/GitHub/MA_1/Commu_with_C_Code/Commu_with_C_Code.srcs/sources_1/bd/design_1/ip/design_1_processing_system7_0_0/hdl/verilog/processing_system7_v5_5_processing_system7.v:2250]
WARNING: [Synth 8-4446] all outputs are unconnected for this instance and logic may be removed [c:/Users/Tim-UML/Documents/GitHub/MA_1/Commu_with_C_Code/Commu_with_C_Code.srcs/sources_1/bd/design_1/ip/design_1_processing_system7_0_0/hdl/verilog/processing_system7_v5_5_processing_system7.v:2250]
WARNING: [Synth 8-4446] all outputs are unconnected for this instance and logic may be removed [c:/Users/Tim-UML/Documents/GitHub/MA_1/Commu_with_C_Code/Commu_with_C_Code.srcs/sources_1/bd/design_1/ip/design_1_processing_system7_0_0/hdl/verilog/processing_system7_v5_5_processing_system7.v:2250]
WARNING: [Synth 8-4446] all outputs are unconnected for this instance and logic may be removed [c:/Users/Tim-UML/Documents/GitHub/MA_1/Commu_with_C_Code/Commu_with_C_Code.srcs/sources_1/bd/design_1/ip/design_1_processing_system7_0_0/hdl/verilog/processing_system7_v5_5_processing_system7.v:2250]
WARNING: [Synth 8-4446] all outputs are unconnected for this instance and logic may be removed [c:/Users/Tim-UML/Documents/GitHub/MA_1/Commu_with_C_Code/Commu_with_C_Code.srcs/sources_1/bd/design_1/ip/design_1_processing_system7_0_0/hdl/verilog/processing_system7_v5_5_processing_system7.v:2250]
WARNING: [Synth 8-4446] all outputs are unconnected for this instance and logic may be removed [c:/Users/Tim-UML/Documents/GitHub/MA_1/Commu_with_C_Code/Commu_with_C_Code.srcs/sources_1/bd/design_1/ip/design_1_processing_system7_0_0/hdl/verilog/processing_system7_v5_5_processing_system7.v:2250]
WARNING: [Synth 8-4446] all outputs are unconnected for this instance and logic may be removed [c:/Users/Tim-UML/Documents/GitHub/MA_1/Commu_with_C_Code/Commu_with_C_Code.srcs/sources_1/bd/design_1/ip/design_1_processing_system7_0_0/hdl/verilog/processing_system7_v5_5_processing_system7.v:2250]
WARNING: [Synth 8-4446] all outputs are unconnected for this instance and logic may be removed [c:/Users/Tim-UML/Documents/GitHub/MA_1/Commu_with_C_Code/Commu_with_C_Code.srcs/sources_1/bd/design_1/ip/design_1_processing_system7_0_0/hdl/verilog/processing_system7_v5_5_processing_system7.v:2250]
WARNING: [Synth 8-4446] all outputs are unconnected for this instance and logic may be removed [c:/Users/Tim-UML/Documents/GitHub/MA_1/Commu_with_C_Code/Commu_with_C_Code.srcs/sources_1/bd/design_1/ip/design_1_processing_system7_0_0/hdl/verilog/processing_system7_v5_5_processing_system7.v:2250]
WARNING: [Synth 8-4446] all outputs are unconnected for this instance and logic may be removed [c:/Users/Tim-UML/Documents/GitHub/MA_1/Commu_with_C_Code/Commu_with_C_Code.srcs/sources_1/bd/design_1/ip/design_1_processing_system7_0_0/hdl/verilog/processing_system7_v5_5_processing_system7.v:2250]
WARNING: [Synth 8-4446] all outputs are unconnected for this instance and logic may be removed [c:/Users/Tim-UML/Documents/GitHub/MA_1/Commu_with_C_Code/Commu_with_C_Code.srcs/sources_1/bd/design_1/ip/design_1_processing_system7_0_0/hdl/verilog/processing_system7_v5_5_processing_system7.v:2250]
WARNING: [Synth 8-4446] all outputs are unconnected for this instance and logic may be removed [c:/Users/Tim-UML/Documents/GitHub/MA_1/Commu_with_C_Code/Commu_with_C_Code.srcs/sources_1/bd/design_1/ip/design_1_processing_system7_0_0/hdl/verilog/processing_system7_v5_5_processing_system7.v:2250]
WARNING: [Synth 8-4446] all outputs are unconnected for this instance and logic may be removed [c:/Users/Tim-UML/Documents/GitHub/MA_1/Commu_with_C_Code/Commu_with_C_Code.srcs/sources_1/bd/design_1/ip/design_1_processing_system7_0_0/hdl/verilog/processing_system7_v5_5_processing_system7.v:2250]
WARNING: [Synth 8-4446] all outputs are unconnected for this instance and logic may be removed [c:/Users/Tim-UML/Documents/GitHub/MA_1/Commu_with_C_Code/Commu_with_C_Code.srcs/sources_1/bd/design_1/ip/design_1_processing_system7_0_0/hdl/verilog/processing_system7_v5_5_processing_system7.v:2250]
WARNING: [Synth 8-4446] all outputs are unconnected for this instance and logic may be removed [c:/Users/Tim-UML/Documents/GitHub/MA_1/Commu_with_C_Code/Commu_with_C_Code.srcs/sources_1/bd/design_1/ip/design_1_processing_system7_0_0/hdl/verilog/processing_system7_v5_5_processing_system7.v:2250]
WARNING: [Synth 8-4446] all outputs are unconnected for this instance and logic may be removed [c:/Users/Tim-UML/Documents/GitHub/MA_1/Commu_with_C_Code/Commu_with_C_Code.srcs/sources_1/bd/design_1/ip/design_1_processing_system7_0_0/hdl/verilog/processing_system7_v5_5_processing_system7.v:2250]
WARNING: [Synth 8-4446] all outputs are unconnected for this instance and logic may be removed [c:/Users/Tim-UML/Documents/GitHub/MA_1/Commu_with_C_Code/Commu_with_C_Code.srcs/sources_1/bd/design_1/ip/design_1_processing_system7_0_0/hdl/verilog/processing_system7_v5_5_processing_system7.v:2250]
WARNING: [Synth 8-4446] all outputs are unconnected for this instance and logic may be removed [c:/Users/Tim-UML/Documents/GitHub/MA_1/Commu_with_C_Code/Commu_with_C_Code.srcs/sources_1/bd/design_1/ip/design_1_processing_system7_0_0/hdl/verilog/processing_system7_v5_5_processing_system7.v:2250]
WARNING: [Synth 8-4446] all outputs are unconnected for this instance and logic may be removed [c:/Users/Tim-UML/Documents/GitHub/MA_1/Commu_with_C_Code/Commu_with_C_Code.srcs/sources_1/bd/design_1/ip/design_1_processing_system7_0_0/hdl/verilog/processing_system7_v5_5_processing_system7.v:2250]
WARNING: [Synth 8-4446] all outputs are unconnected for this instance and logic may be removed [c:/Users/Tim-UML/Documents/GitHub/MA_1/Commu_with_C_Code/Commu_with_C_Code.srcs/sources_1/bd/design_1/ip/design_1_processing_system7_0_0/hdl/verilog/processing_system7_v5_5_processing_system7.v:2250]
WARNING: [Synth 8-4446] all outputs are unconnected for this instance and logic may be removed [c:/Users/Tim-UML/Documents/GitHub/MA_1/Commu_with_C_Code/Commu_with_C_Code.srcs/sources_1/bd/design_1/ip/design_1_processing_system7_0_0/hdl/verilog/processing_system7_v5_5_processing_system7.v:2250]
WARNING: [Synth 8-4446] all outputs are unconnected for this instance and logic may be removed [c:/Users/Tim-UML/Documents/GitHub/MA_1/Commu_with_C_Code/Commu_with_C_Code.srcs/sources_1/bd/design_1/ip/design_1_processing_system7_0_0/hdl/verilog/processing_system7_v5_5_processing_system7.v:2250]
WARNING: [Synth 8-4446] all outputs are unconnected for this instance and logic may be removed [c:/Users/Tim-UML/Documents/GitHub/MA_1/Commu_with_C_Code/Commu_with_C_Code.srcs/sources_1/bd/design_1/ip/design_1_processing_system7_0_0/hdl/verilog/processing_system7_v5_5_processing_system7.v:2250]
WARNING: [Synth 8-4446] all outputs are unconnected for this instance and logic may be removed [c:/Users/Tim-UML/Documents/GitHub/MA_1/Commu_with_C_Code/Commu_with_C_Code.srcs/sources_1/bd/design_1/ip/design_1_processing_system7_0_0/hdl/verilog/processing_system7_v5_5_processing_system7.v:2250]
WARNING: [Synth 8-4446] all outputs are unconnected for this instance and logic may be removed [c:/Users/Tim-UML/Documents/GitHub/MA_1/Commu_with_C_Code/Commu_with_C_Code.srcs/sources_1/bd/design_1/ip/design_1_processing_system7_0_0/hdl/verilog/processing_system7_v5_5_processing_system7.v:2250]
WARNING: [Synth 8-4446] all outputs are unconnected for this instance and logic may be removed [c:/Users/Tim-UML/Documents/GitHub/MA_1/Commu_with_C_Code/Commu_with_C_Code.srcs/sources_1/bd/design_1/ip/design_1_processing_system7_0_0/hdl/verilog/processing_system7_v5_5_processing_system7.v:2250]
WARNING: [Synth 8-4446] all outputs are unconnected for this instance and logic may be removed [c:/Users/Tim-UML/Documents/GitHub/MA_1/Commu_with_C_Code/Commu_with_C_Code.srcs/sources_1/bd/design_1/ip/design_1_processing_system7_0_0/hdl/verilog/processing_system7_v5_5_processing_system7.v:2250]
WARNING: [Synth 8-4446] all outputs are unconnected for this instance and logic may be removed [c:/Users/Tim-UML/Documents/GitHub/MA_1/Commu_with_C_Code/Commu_with_C_Code.srcs/sources_1/bd/design_1/ip/design_1_processing_system7_0_0/hdl/verilog/processing_system7_v5_5_processing_system7.v:2250]
WARNING: [Synth 8-4446] all outputs are unconnected for this instance and logic may be removed [c:/Users/Tim-UML/Documents/GitHub/MA_1/Commu_with_C_Code/Commu_with_C_Code.srcs/sources_1/bd/design_1/ip/design_1_processing_system7_0_0/hdl/verilog/processing_system7_v5_5_processing_system7.v:2250]
WARNING: [Synth 8-4446] all outputs are unconnected for this instance and logic may be removed [c:/Users/Tim-UML/Documents/GitHub/MA_1/Commu_with_C_Code/Commu_with_C_Code.srcs/sources_1/bd/design_1/ip/design_1_processing_system7_0_0/hdl/verilog/processing_system7_v5_5_processing_system7.v:2250]
WARNING: [Synth 8-4446] all outputs are unconnected for this instance and logic may be removed [c:/Users/Tim-UML/Documents/GitHub/MA_1/Commu_with_C_Code/Commu_with_C_Code.srcs/sources_1/bd/design_1/ip/design_1_processing_system7_0_0/hdl/verilog/processing_system7_v5_5_processing_system7.v:2250]
WARNING: [Synth 8-4446] all outputs are unconnected for this instance and logic may be removed [c:/Users/Tim-UML/Documents/GitHub/MA_1/Commu_with_C_Code/Commu_with_C_Code.srcs/sources_1/bd/design_1/ip/design_1_processing_system7_0_0/hdl/verilog/processing_system7_v5_5_processing_system7.v:2250]
WARNING: [Synth 8-4446] all outputs are unconnected for this instance and logic may be removed [c:/Users/Tim-UML/Documents/GitHub/MA_1/Commu_with_C_Code/Commu_with_C_Code.srcs/sources_1/bd/design_1/ip/design_1_processing_system7_0_0/hdl/verilog/processing_system7_v5_5_processing_system7.v:2250]
WARNING: [Synth 8-4446] all outputs are unconnected for this instance and logic may be removed [c:/Users/Tim-UML/Documents/GitHub/MA_1/Commu_with_C_Code/Commu_with_C_Code.srcs/sources_1/bd/design_1/ip/design_1_processing_system7_0_0/hdl/verilog/processing_system7_v5_5_processing_system7.v:2250]
WARNING: [Synth 8-4446] all outputs are unconnected for this instance and logic may be removed [c:/Users/Tim-UML/Documents/GitHub/MA_1/Commu_with_C_Code/Commu_with_C_Code.srcs/sources_1/bd/design_1/ip/design_1_processing_system7_0_0/hdl/verilog/processing_system7_v5_5_processing_system7.v:2250]
WARNING: [Synth 8-4446] all outputs are unconnected for this instance and logic may be removed [c:/Users/Tim-UML/Documents/GitHub/MA_1/Commu_with_C_Code/Commu_with_C_Code.srcs/sources_1/bd/design_1/ip/design_1_processing_system7_0_0/hdl/verilog/processing_system7_v5_5_processing_system7.v:2250]
WARNING: [Synth 8-4446] all outputs are unconnected for this instance and logic may be removed [c:/Users/Tim-UML/Documents/GitHub/MA_1/Commu_with_C_Code/Commu_with_C_Code.srcs/sources_1/bd/design_1/ip/design_1_processing_system7_0_0/hdl/verilog/processing_system7_v5_5_processing_system7.v:2250]
WARNING: [Synth 8-4446] all outputs are unconnected for this instance and logic may be removed [c:/Users/Tim-UML/Documents/GitHub/MA_1/Commu_with_C_Code/Commu_with_C_Code.srcs/sources_1/bd/design_1/ip/design_1_processing_system7_0_0/hdl/verilog/processing_system7_v5_5_processing_system7.v:2250]
WARNING: [Synth 8-4446] all outputs are unconnected for this instance and logic may be removed [c:/Users/Tim-UML/Documents/GitHub/MA_1/Commu_with_C_Code/Commu_with_C_Code.srcs/sources_1/bd/design_1/ip/design_1_processing_system7_0_0/hdl/verilog/processing_system7_v5_5_processing_system7.v:2250]
WARNING: [Synth 8-4446] all outputs are unconnected for this instance and logic may be removed [c:/Users/Tim-UML/Documents/GitHub/MA_1/Commu_with_C_Code/Commu_with_C_Code.srcs/sources_1/bd/design_1/ip/design_1_processing_system7_0_0/hdl/verilog/processing_system7_v5_5_processing_system7.v:2250]
WARNING: [Synth 8-4446] all outputs are unconnected for this instance and logic may be removed [c:/Users/Tim-UML/Documents/GitHub/MA_1/Commu_with_C_Code/Commu_with_C_Code.srcs/sources_1/bd/design_1/ip/design_1_processing_system7_0_0/hdl/verilog/processing_system7_v5_5_processing_system7.v:2250]
WARNING: [Synth 8-4446] all outputs are unconnected for this instance and logic may be removed [c:/Users/Tim-UML/Documents/GitHub/MA_1/Commu_with_C_Code/Commu_with_C_Code.srcs/sources_1/bd/design_1/ip/design_1_processing_system7_0_0/hdl/verilog/processing_system7_v5_5_processing_system7.v:2250]
WARNING: [Synth 8-4446] all outputs are unconnected for this instance and logic may be removed [c:/Users/Tim-UML/Documents/GitHub/MA_1/Commu_with_C_Code/Commu_with_C_Code.srcs/sources_1/bd/design_1/ip/design_1_processing_system7_0_0/hdl/verilog/processing_system7_v5_5_processing_system7.v:2250]
WARNING: [Synth 8-4446] all outputs are unconnected for this instance and logic may be removed [c:/Users/Tim-UML/Documents/GitHub/MA_1/Commu_with_C_Code/Commu_with_C_Code.srcs/sources_1/bd/design_1/ip/design_1_processing_system7_0_0/hdl/verilog/processing_system7_v5_5_processing_system7.v:2250]
WARNING: [Synth 8-4446] all outputs are unconnected for this instance and logic may be removed [c:/Users/Tim-UML/Documents/GitHub/MA_1/Commu_with_C_Code/Commu_with_C_Code.srcs/sources_1/bd/design_1/ip/design_1_processing_system7_0_0/hdl/verilog/processing_system7_v5_5_processing_system7.v:2250]
WARNING: [Synth 8-4446] all outputs are unconnected for this instance and logic may be removed [c:/Users/Tim-UML/Documents/GitHub/MA_1/Commu_with_C_Code/Commu_with_C_Code.srcs/sources_1/bd/design_1/ip/design_1_processing_system7_0_0/hdl/verilog/processing_system7_v5_5_processing_system7.v:2250]
WARNING: [Synth 8-4446] all outputs are unconnected for this instance and logic may be removed [c:/Users/Tim-UML/Documents/GitHub/MA_1/Commu_with_C_Code/Commu_with_C_Code.srcs/sources_1/bd/design_1/ip/design_1_processing_system7_0_0/hdl/verilog/processing_system7_v5_5_processing_system7.v:2250]
WARNING: [Synth 8-4446] all outputs are unconnected for this instance and logic may be removed [c:/Users/Tim-UML/Documents/GitHub/MA_1/Commu_with_C_Code/Commu_with_C_Code.srcs/sources_1/bd/design_1/ip/design_1_processing_system7_0_0/hdl/verilog/processing_system7_v5_5_processing_system7.v:2250]
WARNING: [Synth 8-4446] all outputs are unconnected for this instance and logic may be removed [c:/Users/Tim-UML/Documents/GitHub/MA_1/Commu_with_C_Code/Commu_with_C_Code.srcs/sources_1/bd/design_1/ip/design_1_processing_system7_0_0/hdl/verilog/processing_system7_v5_5_processing_system7.v:2256]
WARNING: [Synth 8-4446] all outputs are unconnected for this instance and logic may be removed [c:/Users/Tim-UML/Documents/GitHub/MA_1/Commu_with_C_Code/Commu_with_C_Code.srcs/sources_1/bd/design_1/ip/design_1_processing_system7_0_0/hdl/verilog/processing_system7_v5_5_processing_system7.v:2256]
WARNING: [Synth 8-4446] all outputs are unconnected for this instance and logic may be removed [c:/Users/Tim-UML/Documents/GitHub/MA_1/Commu_with_C_Code/Commu_with_C_Code.srcs/sources_1/bd/design_1/ip/design_1_processing_system7_0_0/hdl/verilog/processing_system7_v5_5_processing_system7.v:2256]
WARNING: [Synth 8-4446] all outputs are unconnected for this instance and logic may be removed [c:/Users/Tim-UML/Documents/GitHub/MA_1/Commu_with_C_Code/Commu_with_C_Code.srcs/sources_1/bd/design_1/ip/design_1_processing_system7_0_0/hdl/verilog/processing_system7_v5_5_processing_system7.v:2262]
WARNING: [Synth 8-4446] all outputs are unconnected for this instance and logic may be removed [c:/Users/Tim-UML/Documents/GitHub/MA_1/Commu_with_C_Code/Commu_with_C_Code.srcs/sources_1/bd/design_1/ip/design_1_processing_system7_0_0/hdl/verilog/processing_system7_v5_5_processing_system7.v:2262]
WARNING: [Synth 8-4446] all outputs are unconnected for this instance and logic may be removed [c:/Users/Tim-UML/Documents/GitHub/MA_1/Commu_with_C_Code/Commu_with_C_Code.srcs/sources_1/bd/design_1/ip/design_1_processing_system7_0_0/hdl/verilog/processing_system7_v5_5_processing_system7.v:2262]
WARNING: [Synth 8-4446] all outputs are unconnected for this instance and logic may be removed [c:/Users/Tim-UML/Documents/GitHub/MA_1/Commu_with_C_Code/Commu_with_C_Code.srcs/sources_1/bd/design_1/ip/design_1_processing_system7_0_0/hdl/verilog/processing_system7_v5_5_processing_system7.v:2262]
WARNING: [Synth 8-4446] all outputs are unconnected for this instance and logic may be removed [c:/Users/Tim-UML/Documents/GitHub/MA_1/Commu_with_C_Code/Commu_with_C_Code.srcs/sources_1/bd/design_1/ip/design_1_processing_system7_0_0/hdl/verilog/processing_system7_v5_5_processing_system7.v:2262]
WARNING: [Synth 8-4446] all outputs are unconnected for this instance and logic may be removed [c:/Users/Tim-UML/Documents/GitHub/MA_1/Commu_with_C_Code/Commu_with_C_Code.srcs/sources_1/bd/design_1/ip/design_1_processing_system7_0_0/hdl/verilog/processing_system7_v5_5_processing_system7.v:2262]
WARNING: [Synth 8-4446] all outputs are unconnected for this instance and logic may be removed [c:/Users/Tim-UML/Documents/GitHub/MA_1/Commu_with_C_Code/Commu_with_C_Code.srcs/sources_1/bd/design_1/ip/design_1_processing_system7_0_0/hdl/verilog/processing_system7_v5_5_processing_system7.v:2262]
WARNING: [Synth 8-4446] all outputs are unconnected for this instance and logic may be removed [c:/Users/Tim-UML/Documents/GitHub/MA_1/Commu_with_C_Code/Commu_with_C_Code.srcs/sources_1/bd/design_1/ip/design_1_processing_system7_0_0/hdl/verilog/processing_system7_v5_5_processing_system7.v:2262]
WARNING: [Synth 8-4446] all outputs are unconnected for this instance and logic may be removed [c:/Users/Tim-UML/Documents/GitHub/MA_1/Commu_with_C_Code/Commu_with_C_Code.srcs/sources_1/bd/design_1/ip/design_1_processing_system7_0_0/hdl/verilog/processing_system7_v5_5_processing_system7.v:2262]
WARNING: [Synth 8-4446] all outputs are unconnected for this instance and logic may be removed [c:/Users/Tim-UML/Documents/GitHub/MA_1/Commu_with_C_Code/Commu_with_C_Code.srcs/sources_1/bd/design_1/ip/design_1_processing_system7_0_0/hdl/verilog/processing_system7_v5_5_processing_system7.v:2262]
WARNING: [Synth 8-4446] all outputs are unconnected for this instance and logic may be removed [c:/Users/Tim-UML/Documents/GitHub/MA_1/Commu_with_C_Code/Commu_with_C_Code.srcs/sources_1/bd/design_1/ip/design_1_processing_system7_0_0/hdl/verilog/processing_system7_v5_5_processing_system7.v:2262]
WARNING: [Synth 8-4446] all outputs are unconnected for this instance and logic may be removed [c:/Users/Tim-UML/Documents/GitHub/MA_1/Commu_with_C_Code/Commu_with_C_Code.srcs/sources_1/bd/design_1/ip/design_1_processing_system7_0_0/hdl/verilog/processing_system7_v5_5_processing_system7.v:2262]
WARNING: [Synth 8-4446] all outputs are unconnected for this instance and logic may be removed [c:/Users/Tim-UML/Documents/GitHub/MA_1/Commu_with_C_Code/Commu_with_C_Code.srcs/sources_1/bd/design_1/ip/design_1_processing_system7_0_0/hdl/verilog/processing_system7_v5_5_processing_system7.v:2262]
WARNING: [Synth 8-4446] all outputs are unconnected for this instance and logic may be removed [c:/Users/Tim-UML/Documents/GitHub/MA_1/Commu_with_C_Code/Commu_with_C_Code.srcs/sources_1/bd/design_1/ip/design_1_processing_system7_0_0/hdl/verilog/processing_system7_v5_5_processing_system7.v:2262]
WARNING: [Synth 8-4446] all outputs are unconnected for this instance and logic may be removed [c:/Users/Tim-UML/Documents/GitHub/MA_1/Commu_with_C_Code/Commu_with_C_Code.srcs/sources_1/bd/design_1/ip/design_1_processing_system7_0_0/hdl/verilog/processing_system7_v5_5_processing_system7.v:2262]
WARNING: [Synth 8-4446] all outputs are unconnected for this instance and logic may be removed [c:/Users/Tim-UML/Documents/GitHub/MA_1/Commu_with_C_Code/Commu_with_C_Code.srcs/sources_1/bd/design_1/ip/design_1_processing_system7_0_0/hdl/verilog/processing_system7_v5_5_processing_system7.v:2268]
WARNING: [Synth 8-4446] all outputs are unconnected for this instance and logic may be removed [c:/Users/Tim-UML/Documents/GitHub/MA_1/Commu_with_C_Code/Commu_with_C_Code.srcs/sources_1/bd/design_1/ip/design_1_processing_system7_0_0/hdl/verilog/processing_system7_v5_5_processing_system7.v:2268]
WARNING: [Synth 8-4446] all outputs are unconnected for this instance and logic may be removed [c:/Users/Tim-UML/Documents/GitHub/MA_1/Commu_with_C_Code/Commu_with_C_Code.srcs/sources_1/bd/design_1/ip/design_1_processing_system7_0_0/hdl/verilog/processing_system7_v5_5_processing_system7.v:2268]
WARNING: [Synth 8-4446] all outputs are unconnected for this instance and logic may be removed [c:/Users/Tim-UML/Documents/GitHub/MA_1/Commu_with_C_Code/Commu_with_C_Code.srcs/sources_1/bd/design_1/ip/design_1_processing_system7_0_0/hdl/verilog/processing_system7_v5_5_processing_system7.v:2268]
WARNING: [Synth 8-4446] all outputs are unconnected for this instance and logic may be removed [c:/Users/Tim-UML/Documents/GitHub/MA_1/Commu_with_C_Code/Commu_with_C_Code.srcs/sources_1/bd/design_1/ip/design_1_processing_system7_0_0/hdl/verilog/processing_system7_v5_5_processing_system7.v:2274]
WARNING: [Synth 8-4446] all outputs are unconnected for this instance and logic may be removed [c:/Users/Tim-UML/Documents/GitHub/MA_1/Commu_with_C_Code/Commu_with_C_Code.srcs/sources_1/bd/design_1/ip/design_1_processing_system7_0_0/hdl/verilog/processing_system7_v5_5_processing_system7.v:2274]
WARNING: [Synth 8-4446] all outputs are unconnected for this instance and logic may be removed [c:/Users/Tim-UML/Documents/GitHub/MA_1/Commu_with_C_Code/Commu_with_C_Code.srcs/sources_1/bd/design_1/ip/design_1_processing_system7_0_0/hdl/verilog/processing_system7_v5_5_processing_system7.v:2274]
WARNING: [Synth 8-4446] all outputs are unconnected for this instance and logic may be removed [c:/Users/Tim-UML/Documents/GitHub/MA_1/Commu_with_C_Code/Commu_with_C_Code.srcs/sources_1/bd/design_1/ip/design_1_processing_system7_0_0/hdl/verilog/processing_system7_v5_5_processing_system7.v:2274]
WARNING: [Synth 8-4446] all outputs are unconnected for this instance and logic may be removed [c:/Users/Tim-UML/Documents/GitHub/MA_1/Commu_with_C_Code/Commu_with_C_Code.srcs/sources_1/bd/design_1/ip/design_1_processing_system7_0_0/hdl/verilog/processing_system7_v5_5_processing_system7.v:2274]
WARNING: [Synth 8-4446] all outputs are unconnected for this instance and logic may be removed [c:/Users/Tim-UML/Documents/GitHub/MA_1/Commu_with_C_Code/Commu_with_C_Code.srcs/sources_1/bd/design_1/ip/design_1_processing_system7_0_0/hdl/verilog/processing_system7_v5_5_processing_system7.v:2274]
WARNING: [Synth 8-4446] all outputs are unconnected for this instance and logic may be removed [c:/Users/Tim-UML/Documents/GitHub/MA_1/Commu_with_C_Code/Commu_with_C_Code.srcs/sources_1/bd/design_1/ip/design_1_processing_system7_0_0/hdl/verilog/processing_system7_v5_5_processing_system7.v:2274]
WARNING: [Synth 8-4446] all outputs are unconnected for this instance and logic may be removed [c:/Users/Tim-UML/Documents/GitHub/MA_1/Commu_with_C_Code/Commu_with_C_Code.srcs/sources_1/bd/design_1/ip/design_1_processing_system7_0_0/hdl/verilog/processing_system7_v5_5_processing_system7.v:2274]
WARNING: [Synth 8-4446] all outputs are unconnected for this instance and logic may be removed [c:/Users/Tim-UML/Documents/GitHub/MA_1/Commu_with_C_Code/Commu_with_C_Code.srcs/sources_1/bd/design_1/ip/design_1_processing_system7_0_0/hdl/verilog/processing_system7_v5_5_processing_system7.v:2274]
INFO: [Common 17-14] Message 'Synth 8-4446' appears 100 times and further instances of the messages will be disabled. Use the Tcl command set_msg_config to change the current settings.
INFO: [Synth 8-638] synthesizing module 'PS7' [C:/Xilinx/Vivado/2014.4/scripts/rt/data/unisim_comp.v:26452]
INFO: [Synth 8-256] done synthesizing module 'PS7' (4#1) [C:/Xilinx/Vivado/2014.4/scripts/rt/data/unisim_comp.v:26452]
WARNING: [Synth 8-3848] Net ENET0_GMII_TX_EN in module/entity processing_system7_v5_5_processing_system7 does not have driver. [c:/Users/Tim-UML/Documents/GitHub/MA_1/Commu_with_C_Code/Commu_with_C_Code.srcs/sources_1/bd/design_1/ip/design_1_processing_system7_0_0/hdl/verilog/processing_system7_v5_5_processing_system7.v:215]
WARNING: [Synth 8-3848] Net ENET0_GMII_TX_ER in module/entity processing_system7_v5_5_processing_system7 does not have driver. [c:/Users/Tim-UML/Documents/GitHub/MA_1/Commu_with_C_Code/Commu_with_C_Code.srcs/sources_1/bd/design_1/ip/design_1_processing_system7_0_0/hdl/verilog/processing_system7_v5_5_processing_system7.v:216]
WARNING: [Synth 8-3848] Net ENET0_GMII_TXD in module/entity processing_system7_v5_5_processing_system7 does not have driver. [c:/Users/Tim-UML/Documents/GitHub/MA_1/Commu_with_C_Code/Commu_with_C_Code.srcs/sources_1/bd/design_1/ip/design_1_processing_system7_0_0/hdl/verilog/processing_system7_v5_5_processing_system7.v:232]
WARNING: [Synth 8-3848] Net ENET1_GMII_TX_EN in module/entity processing_system7_v5_5_processing_system7 does not have driver. [c:/Users/Tim-UML/Documents/GitHub/MA_1/Commu_with_C_Code/Commu_with_C_Code.srcs/sources_1/bd/design_1/ip/design_1_processing_system7_0_0/hdl/verilog/processing_system7_v5_5_processing_system7.v:246]
WARNING: [Synth 8-3848] Net ENET1_GMII_TX_ER in module/entity processing_system7_v5_5_processing_system7 does not have driver. [c:/Users/Tim-UML/Documents/GitHub/MA_1/Commu_with_C_Code/Commu_with_C_Code.srcs/sources_1/bd/design_1/ip/design_1_processing_system7_0_0/hdl/verilog/processing_system7_v5_5_processing_system7.v:247]
WARNING: [Synth 8-3848] Net ENET1_GMII_TXD in module/entity processing_system7_v5_5_processing_system7 does not have driver. [c:/Users/Tim-UML/Documents/GitHub/MA_1/Commu_with_C_Code/Commu_with_C_Code.srcs/sources_1/bd/design_1/ip/design_1_processing_system7_0_0/hdl/verilog/processing_system7_v5_5_processing_system7.v:261]
WARNING: [Synth 8-3848] Net PJTAG_TDO in module/entity processing_system7_v5_5_processing_system7 does not have driver. [c:/Users/Tim-UML/Documents/GitHub/MA_1/Commu_with_C_Code/Commu_with_C_Code.srcs/sources_1/bd/design_1/ip/design_1_processing_system7_0_0/hdl/verilog/processing_system7_v5_5_processing_system7.v:298]
WARNING: [Synth 8-3848] Net TRACE_CTL_PIPE[0] in module/entity processing_system7_v5_5_processing_system7 does not have driver. [c:/Users/Tim-UML/Documents/GitHub/MA_1/Commu_with_C_Code/Commu_with_C_Code.srcs/sources_1/bd/design_1/ip/design_1_processing_system7_0_0/hdl/verilog/processing_system7_v5_5_processing_system7.v:1304]
WARNING: [Synth 8-3848] Net TRACE_DATA_PIPE[0] in module/entity processing_system7_v5_5_processing_system7 does not have driver. [c:/Users/Tim-UML/Documents/GitHub/MA_1/Commu_with_C_Code/Commu_with_C_Code.srcs/sources_1/bd/design_1/ip/design_1_processing_system7_0_0/hdl/verilog/processing_system7_v5_5_processing_system7.v:1305]
WARNING: [Synth 8-3848] Net TRACE_CLK_OUT in module/entity processing_system7_v5_5_processing_system7 does not have driver. [c:/Users/Tim-UML/Documents/GitHub/MA_1/Commu_with_C_Code/Commu_with_C_Code.srcs/sources_1/bd/design_1/ip/design_1_processing_system7_0_0/hdl/verilog/processing_system7_v5_5_processing_system7.v:407]
WARNING: [Synth 8-3848] Net ENET0_GMII_COL_i in module/entity processing_system7_v5_5_processing_system7 does not have driver. [c:/Users/Tim-UML/Documents/GitHub/MA_1/Commu_with_C_Code/Commu_with_C_Code.srcs/sources_1/bd/design_1/ip/design_1_processing_system7_0_0/hdl/verilog/processing_system7_v5_5_processing_system7.v:1050]
WARNING: [Synth 8-3848] Net ENET0_GMII_CRS_i in module/entity processing_system7_v5_5_processing_system7 does not have driver. [c:/Users/Tim-UML/Documents/GitHub/MA_1/Commu_with_C_Code/Commu_with_C_Code.srcs/sources_1/bd/design_1/ip/design_1_processing_system7_0_0/hdl/verilog/processing_system7_v5_5_processing_system7.v:1051]
WARNING: [Synth 8-3848] Net ENET0_GMII_RXD_i in module/entity processing_system7_v5_5_processing_system7 does not have driver. [c:/Users/Tim-UML/Documents/GitHub/MA_1/Commu_with_C_Code/Commu_with_C_Code.srcs/sources_1/bd/design_1/ip/design_1_processing_system7_0_0/hdl/verilog/processing_system7_v5_5_processing_system7.v:1054]
WARNING: [Synth 8-3848] Net ENET0_GMII_RX_DV_i in module/entity processing_system7_v5_5_processing_system7 does not have driver. [c:/Users/Tim-UML/Documents/GitHub/MA_1/Commu_with_C_Code/Commu_with_C_Code.srcs/sources_1/bd/design_1/ip/design_1_processing_system7_0_0/hdl/verilog/processing_system7_v5_5_processing_system7.v:1052]
WARNING: [Synth 8-3848] Net ENET0_GMII_RX_ER_i in module/entity processing_system7_v5_5_processing_system7 does not have driver. [c:/Users/Tim-UML/Documents/GitHub/MA_1/Commu_with_C_Code/Commu_with_C_Code.srcs/sources_1/bd/design_1/ip/design_1_processing_system7_0_0/hdl/verilog/processing_system7_v5_5_processing_system7.v:1053]
WARNING: [Synth 8-3848] Net ENET1_GMII_COL_i in module/entity processing_system7_v5_5_processing_system7 does not have driver. [c:/Users/Tim-UML/Documents/GitHub/MA_1/Commu_with_C_Code/Commu_with_C_Code.srcs/sources_1/bd/design_1/ip/design_1_processing_system7_0_0/hdl/verilog/processing_system7_v5_5_processing_system7.v:1059]
WARNING: [Synth 8-3848] Net ENET1_GMII_CRS_i in module/entity processing_system7_v5_5_processing_system7 does not have driver. [c:/Users/Tim-UML/Documents/GitHub/MA_1/Commu_with_C_Code/Commu_with_C_Code.srcs/sources_1/bd/design_1/ip/design_1_processing_system7_0_0/hdl/verilog/processing_system7_v5_5_processing_system7.v:1060]
WARNING: [Synth 8-3848] Net ENET1_GMII_RXD_i in module/entity processing_system7_v5_5_processing_system7 does not have driver. [c:/Users/Tim-UML/Documents/GitHub/MA_1/Commu_with_C_Code/Commu_with_C_Code.srcs/sources_1/bd/design_1/ip/design_1_processing_system7_0_0/hdl/verilog/processing_system7_v5_5_processing_system7.v:1063]
WARNING: [Synth 8-3848] Net ENET1_GMII_RX_DV_i in module/entity processing_system7_v5_5_processing_system7 does not have driver. [c:/Users/Tim-UML/Documents/GitHub/MA_1/Commu_with_C_Code/Commu_with_C_Code.srcs/sources_1/bd/design_1/ip/design_1_processing_system7_0_0/hdl/verilog/processing_system7_v5_5_processing_system7.v:1061]
WARNING: [Synth 8-3848] Net ENET1_GMII_RX_ER_i in module/entity processing_system7_v5_5_processing_system7 does not have driver. [c:/Users/Tim-UML/Documents/GitHub/MA_1/Commu_with_C_Code/Commu_with_C_Code.srcs/sources_1/bd/design_1/ip/design_1_processing_system7_0_0/hdl/verilog/processing_system7_v5_5_processing_system7.v:1062]
WARNING: [Synth 8-3848] Net FTMD_TRACEIN_ATID_i in module/entity processing_system7_v5_5_processing_system7 does not have driver. [c:/Users/Tim-UML/Documents/GitHub/MA_1/Commu_with_C_Code/Commu_with_C_Code.srcs/sources_1/bd/design_1/ip/design_1_processing_system7_0_0/hdl/verilog/processing_system7_v5_5_processing_system7.v:1072]
WARNING: [Synth 8-3848] Net FTMD_TRACEIN_DATA_i in module/entity processing_system7_v5_5_processing_system7 does not have driver. [c:/Users/Tim-UML/Documents/GitHub/MA_1/Commu_with_C_Code/Commu_with_C_Code.srcs/sources_1/bd/design_1/ip/design_1_processing_system7_0_0/hdl/verilog/processing_system7_v5_5_processing_system7.v:1070]
WARNING: [Synth 8-3848] Net FTMD_TRACEIN_VALID_i in module/entity processing_system7_v5_5_processing_system7 does not have driver. [c:/Users/Tim-UML/Documents/GitHub/MA_1/Commu_with_C_Code/Commu_with_C_Code.srcs/sources_1/bd/design_1/ip/design_1_processing_system7_0_0/hdl/verilog/processing_system7_v5_5_processing_system7.v:1071]
INFO: [Synth 8-256] done synthesizing module 'processing_system7_v5_5_processing_system7' (5#1) [c:/Users/Tim-UML/Documents/GitHub/MA_1/Commu_with_C_Code/Commu_with_C_Code.srcs/sources_1/bd/design_1/ip/design_1_processing_system7_0_0/hdl/verilog/processing_system7_v5_5_processing_system7.v:154]
WARNING: [Synth 8-350] instance 'inst' of module 'processing_system7_v5_5_processing_system7' requires 685 connections, but only 672 given [c:/Users/Tim-UML/Documents/GitHub/MA_1/Commu_with_C_Code/Commu_with_C_Code.srcs/sources_1/bd/design_1/ip/design_1_processing_system7_0_0/synth/design_1_processing_system7_0_0.v:337]
INFO: [Synth 8-256] done synthesizing module 'design_1_processing_system7_0_0' (6#1) [c:/Users/Tim-UML/Documents/GitHub/MA_1/Commu_with_C_Code/Commu_with_C_Code.srcs/sources_1/bd/design_1/ip/design_1_processing_system7_0_0/synth/design_1_processing_system7_0_0.v:57]
WARNING: [Synth 8-350] instance 'processing_system7_0' of module 'design_1_processing_system7_0_0' requires 78 connections, but only 35 given [C:/Users/Tim-UML/Documents/GitHub/MA_1/Commu_with_C_Code/Commu_with_C_Code.srcs/sources_1/bd/design_1/hdl/design_1.v:82]
INFO: [Synth 8-256] done synthesizing module 'design_1' (7#1) [C:/Users/Tim-UML/Documents/GitHub/MA_1/Commu_with_C_Code/Commu_with_C_Code.srcs/sources_1/bd/design_1/hdl/design_1.v:12]
INFO: [Synth 8-256] done synthesizing module 'design_1_wrapper' (8#1) [C:/Users/Tim-UML/Documents/GitHub/MA_1/Commu_with_C_Code/Commu_with_C_Code.srcs/sources_1/bd/design_1/hdl/design_1_wrapper.v:12]
---------------------------------------------------------------------------------
Finished RTL Elaboration : Time (s): cpu = 00:00:31 ; elapsed = 00:00:53 . Memory (MB): peak = 796.047 ; gain = 637.434
---------------------------------------------------------------------------------

Report Check Netlist: 
+------+------------------+-------+---------+-------+------------------+
|      |Item              |Errors |Warnings |Status |Description       |
+------+------------------+-------+---------+-------+------------------+
|1     |multi_driven_nets |      0|        0|Passed |Multi driven nets |
+------+------------------+-------+---------+-------+------------------+
---------------------------------------------------------------------------------
Finished RTL Optimization Phase 1 : Time (s): cpu = 00:00:31 ; elapsed = 00:00:53 . Memory (MB): peak = 796.047 ; gain = 637.434
---------------------------------------------------------------------------------
Loading clock regions from C:/Xilinx/Vivado/2014.4/data\parts/xilinx/zynq/zynq/xc7z020/ClockRegion.xml
Loading clock buffers from C:/Xilinx/Vivado/2014.4/data\parts/xilinx/zynq/zynq/xc7z020/ClockBuffers.xml
Loading clock placement rules from C:/Xilinx/Vivado/2014.4/data/parts/xilinx/zynq/ClockPlacerRules.xml
Loading package pin functions from C:/Xilinx/Vivado/2014.4/data\parts/xilinx/zynq/PinFunctions.xml...
Loading package from C:/Xilinx/Vivado/2014.4/data\parts/xilinx/zynq/zynq/xc7z020/clg400/Package.xml
Loading io standards from C:/Xilinx/Vivado/2014.4/data\./parts/xilinx/zynq/IOStandards.xml
INFO: [Project 1-570] Preparing netlist for logic optimization

Processing XDC Constraints
Initializing timing engine
Parsing XDC File [c:/Users/Tim-UML/Documents/GitHub/MA_1/Commu_with_C_Code/Commu_with_C_Code.srcs/sources_1/bd/design_1/ip/design_1_processing_system7_0_0/design_1_processing_system7_0_0.xdc] for cell 'design_1_i/processing_system7_0/inst'
Finished Parsing XDC File [c:/Users/Tim-UML/Documents/GitHub/MA_1/Commu_with_C_Code/Commu_with_C_Code.srcs/sources_1/bd/design_1/ip/design_1_processing_system7_0_0/design_1_processing_system7_0_0.xdc] for cell 'design_1_i/processing_system7_0/inst'
INFO: [Project 1-236] Implementation specific constraints were found while reading constraint file [c:/Users/Tim-UML/Documents/GitHub/MA_1/Commu_with_C_Code/Commu_with_C_Code.srcs/sources_1/bd/design_1/ip/design_1_processing_system7_0_0/design_1_processing_system7_0_0.xdc]. These constraints will be ignored for synthesis but will be used in implementation. Impacted constraints are listed in the file [.Xil/design_1_wrapper_propImpl.xdc].
Resolution: To avoid this warning, move constraints listed in [.Xil/design_1_wrapper_propImpl.xdc] to anoth XDC file and exclude this new file from synthesis with the used_in_synthesis property (File Properties dialog in GUI) and re-run elaboration/synthesis.
Completed Processing XDC Constraints

INFO: [Project 1-111] Unisim Transformation Summary:
No Unisim elements were transformed.

RTL Elaboration Complete:  : Time (s): cpu = 00:00:47 ; elapsed = 00:01:03 . Memory (MB): peak = 1171.660 ; gain = 1013.047
20 Infos, 125 Warnings, 0 Critical Warnings and 0 Errors encountered.
synth_design completed successfully
synth_design: Time (s): cpu = 00:00:20 ; elapsed = 00:00:14 . Memory (MB): peak = 1171.660 ; gain = 401.043
open_bd_design {C:/Users/Tim-UML/Documents/GitHub/MA_1/Commu_with_C_Code/Commu_with_C_Code.srcs/sources_1/bd/design_1/design_1.bd}
Adding component instance block -- xilinx.com:ip:processing_system7:5.5 - processing_system7_0
Successfully read diagram <design_1> from BD file <C:/Users/Tim-UML/Documents/GitHub/MA_1/Commu_with_C_Code/Commu_with_C_Code.srcs/sources_1/bd/design_1/design_1.bd>
create_peripheral xilinx.com user my_multiplierx 1.0 -dir C:/Users/Tim-UML/Documents/GitHub/MA_1/ip_repo
add_peripheral_interface S00_AXI -interface_mode slave -axi_type lite [ipx::find_open_core xilinx.com:user:my_multiplierx:1.0]
generate_peripheral -driver -bfm_example_design -debug_hw_example_design [ipx::find_open_core xilinx.com:user:my_multiplierx:1.0]
write_peripheral [ipx::find_open_core xilinx.com:user:my_multiplierx:1.0]
set_property ip_repo_paths  C:/Users/Tim-UML/Documents/GitHub/MA_1/ip_repo/my_multiplierx_1.0 [current_project]
update_ip_catalog -rebuild
INFO: [IP_Flow 19-234] Refreshing IP repositories
INFO: [IP_Flow 19-1700] Loaded user IP repository 'c:/Users/Tim-UML/Documents/GitHub/MA_1/ip_repo/my_multiplierx_1.0'.
ipx::edit_ip_in_project -upgrade true -name edit_my_multiplierx_v1_0 -directory C:/Users/Tim-UML/Documents/GitHub/MA_1/ip_repo c:/Users/Tim-UML/Documents/GitHub/MA_1/ip_repo/my_multiplierx_1.0/component.xml
INFO: [IP_Flow 19-234] Refreshing IP repositories
INFO: [IP_Flow 19-1704] No user IP repositories specified
INFO: [IP_Flow 19-2313] Loaded Vivado IP repository 'C:/Xilinx/Vivado/2014.4/data/ip'.
INFO: [IP_Flow 19-234] Refreshing IP repositories
INFO: [IP_Flow 19-1700] Loaded user IP repository 'c:/Users/Tim-UML/Documents/GitHub/MA_1/ip_repo/my_multiplierx_1.0'.
update_compile_order -fileset sim_1
add_files -norecurse -scan_for_includes -copy_to C:/Users/Tim-UML/Documents/GitHub/MA_1/ip_repo/my_multiplierx_1.0/src C:/Users/Tim-UML/Desktop/multiplyer.vhd
update_compile_order -fileset sources_1
