--------------------------------- Version Log ----------------------------------
Version                                 Path
System Generator 2014.4                 C:/Xilinx/Vivado/2014.4
Matlab 8.4.0.150421 (R2014b)            C:\MATLAB\R2014b
Vivado 2014.4                           C:/Xilinx/Vivado/2014.4
--------------------------------------------------------------------------------
Summary of Errors:
Error 0001: Undriven input port
     Block: 'Basic_DMT/Delay2'
Error 0002: Undriven input port
     Block: 'Basic_DMT/Delay_for_demodulation geht nicht ganz auf2'
--------------------------------------------------------------------------------

Error 0001:

Reported by:
  'Basic_DMT/Delay2'

Details:
The input ports on this block must be driven by other Xilinx blocks
--------------------------------------------------------------------------------

Error 0001:

Reported by:
  'Basic_DMT/Delay_for_demodulation geht nicht ganz auf2'

Details:
The input ports on this block must be driven by other Xilinx blocks
--------------------------------------------------------------------------------
