Vivado Simulator 2014.4
Copyright 1986-1999, 2001-2014 Xilinx, Inc. All Rights Reserved.
Running: C:/Xilinx/Vivado/2014.4/bin/unwrapped/win64.o/xelab.exe -wto c4c5566747704013a98c52ec0fd0354c --debug typical --relax --include ../../../CLK_WIZ_SIMU.srcs/sources_1/ipshared/xilinx.com/processing_system7_bfm_v2_0/e69044ca/hdl -L xil_defaultlib -L unisims_ver -L unimacro_ver -L secureip --snapshot design_1_wrapper_behav xil_defaultlib.design_1_wrapper xil_defaultlib.glbl -log elaborate.log 
Multi-threading is on. Using 6 slave threads.
Starting static elaboration
WARNING: [VRFC 10-278] actual bit length 4 differs from formal bit length 16 for port IRQ_F2P [D:/MA_1/CLK_WIZ_SIMU/CLK_WIZ_SIMU.srcs/sources_1/bd/design_1/ip/design_1_processing_system7_bfm_0_0/sim/design_1_processing_system7_bfm_0_0.v:481]
Completed static elaboration
Starting simulation data flow analysis
WARNING: [XSIM 43-4099] "D:/MA_1/CLK_WIZ_SIMU/CLK_WIZ_SIMU.srcs/sources_1/ipshared/xilinx.com/processing_system7_bfm_v2_0/e69044ca/hdl/processing_system7_bfm_v2_0_processing_system7_bfm.v" Line 10. Module processing_system7_bfm_v2_0_processing_system7_bfm(C_FCLK_CLK0_FREQ=100,C_USE_S_AXI_GP0=0,C_USE_S_AXI_GP1=0,C_USE_S_AXI_ACP=0) doesn't have a timescale but at least one module in design has a timescale.
WARNING: [XSIM 43-4099] "D:/MA_1/CLK_WIZ_SIMU/CLK_WIZ_SIMU.srcs/sources_1/ipshared/xilinx.com/processing_system7_bfm_v2_0/e69044ca/hdl/processing_system7_bfm_v2_0_gen_reset.v" Line 9. Module processing_system7_bfm_v2_0_gen_reset doesn't have a timescale but at least one module in design has a timescale.
WARNING: [XSIM 43-4099] "D:/MA_1/CLK_WIZ_SIMU/CLK_WIZ_SIMU.srcs/sources_1/ipshared/xilinx.com/processing_system7_bfm_v2_0/e69044ca/hdl/processing_system7_bfm_v2_0_interconnect_model.v" Line 10. Module processing_system7_bfm_v2_0_interconnect_model_default doesn't have a timescale but at least one module in design has a timescale.
WARNING: [XSIM 43-4099] "D:/MA_1/CLK_WIZ_SIMU/CLK_WIZ_SIMU.srcs/sources_1/ipshared/xilinx.com/processing_system7_bfm_v2_0/e69044ca/hdl/processing_system7_bfm_v2_0_fmsw_gp.v" Line 10. Module processing_system7_bfm_v2_0_fmsw_gp_default doesn't have a timescale but at least one module in design has a timescale.
WARNING: [XSIM 43-4099] "D:/MA_1/CLK_WIZ_SIMU/CLK_WIZ_SIMU.srcs/sources_1/ipshared/xilinx.com/processing_system7_bfm_v2_0/e69044ca/hdl/processing_system7_bfm_v2_0_arb_wr.v" Line 10. Module processing_system7_bfm_v2_0_arb_wr_default doesn't have a timescale but at least one module in design has a timescale.
WARNING: [XSIM 43-4099] "D:/MA_1/CLK_WIZ_SIMU/CLK_WIZ_SIMU.srcs/sources_1/ipshared/xilinx.com/processing_system7_bfm_v2_0/e69044ca/hdl/processing_system7_bfm_v2_0_arb_wr.v" Line 10. Module processing_system7_bfm_v2_0_arb_wr_default doesn't have a timescale but at least one module in design has a timescale.
WARNING: [XSIM 43-4099] "D:/MA_1/CLK_WIZ_SIMU/CLK_WIZ_SIMU.srcs/sources_1/ipshared/xilinx.com/processing_system7_bfm_v2_0/e69044ca/hdl/processing_system7_bfm_v2_0_arb_rd.v" Line 10. Module processing_system7_bfm_v2_0_arb_rd_default doesn't have a timescale but at least one module in design has a timescale.
WARNING: [XSIM 43-4099] "D:/MA_1/CLK_WIZ_SIMU/CLK_WIZ_SIMU.srcs/sources_1/ipshared/xilinx.com/processing_system7_bfm_v2_0/e69044ca/hdl/processing_system7_bfm_v2_0_arb_rd.v" Line 10. Module processing_system7_bfm_v2_0_arb_rd_default doesn't have a timescale but at least one module in design has a timescale.
WARNING: [XSIM 43-4099] "D:/MA_1/CLK_WIZ_SIMU/CLK_WIZ_SIMU.srcs/sources_1/ipshared/xilinx.com/processing_system7_bfm_v2_0/e69044ca/hdl/processing_system7_bfm_v2_0_arb_rd.v" Line 10. Module processing_system7_bfm_v2_0_arb_rd_default doesn't have a timescale but at least one module in design has a timescale.
WARNING: [XSIM 43-4099] "D:/MA_1/CLK_WIZ_SIMU/CLK_WIZ_SIMU.srcs/sources_1/ipshared/xilinx.com/processing_system7_bfm_v2_0/e69044ca/hdl/processing_system7_bfm_v2_0_ssw_hp.v" Line 10. Module processing_system7_bfm_v2_0_ssw_hp doesn't have a timescale but at least one module in design has a timescale.
WARNING: [XSIM 43-4099] "D:/MA_1/CLK_WIZ_SIMU/CLK_WIZ_SIMU.srcs/sources_1/ipshared/xilinx.com/processing_system7_bfm_v2_0/e69044ca/hdl/processing_system7_bfm_v2_0_arb_hp0_1.v" Line 10. Module processing_system7_bfm_v2_0_arb_hp0_1_default doesn't have a timescale but at least one module in design has a timescale.
WARNING: [XSIM 43-4099] "D:/MA_1/CLK_WIZ_SIMU/CLK_WIZ_SIMU.srcs/sources_1/ipshared/xilinx.com/processing_system7_bfm_v2_0/e69044ca/hdl/processing_system7_bfm_v2_0_arb_wr.v" Line 10. Module processing_system7_bfm_v2_0_arb_wr_default doesn't have a timescale but at least one module in design has a timescale.
WARNING: [XSIM 43-4099] "D:/MA_1/CLK_WIZ_SIMU/CLK_WIZ_SIMU.srcs/sources_1/ipshared/xilinx.com/processing_system7_bfm_v2_0/e69044ca/hdl/processing_system7_bfm_v2_0_arb_rd.v" Line 10. Module processing_system7_bfm_v2_0_arb_rd_default doesn't have a timescale but at least one module in design has a timescale.
WARNING: [XSIM 43-4099] "D:/MA_1/CLK_WIZ_SIMU/CLK_WIZ_SIMU.srcs/sources_1/ipshared/xilinx.com/processing_system7_bfm_v2_0/e69044ca/hdl/processing_system7_bfm_v2_0_arb_hp2_3.v" Line 10. Module processing_system7_bfm_v2_0_arb_hp2_3_default doesn't have a timescale but at least one module in design has a timescale.
WARNING: [XSIM 43-4099] "D:/MA_1/CLK_WIZ_SIMU/CLK_WIZ_SIMU.srcs/sources_1/ipshared/xilinx.com/processing_system7_bfm_v2_0/e69044ca/hdl/processing_system7_bfm_v2_0_arb_wr.v" Line 10. Module processing_system7_bfm_v2_0_arb_wr_default doesn't have a timescale but at least one module in design has a timescale.
WARNING: [XSIM 43-4099] "D:/MA_1/CLK_WIZ_SIMU/CLK_WIZ_SIMU.srcs/sources_1/ipshared/xilinx.com/processing_system7_bfm_v2_0/e69044ca/hdl/processing_system7_bfm_v2_0_arb_rd.v" Line 10. Module processing_system7_bfm_v2_0_arb_rd_default doesn't have a timescale but at least one module in design has a timescale.
WARNING: [XSIM 43-4099] "D:/MA_1/CLK_WIZ_SIMU/CLK_WIZ_SIMU.srcs/sources_1/ipshared/xilinx.com/processing_system7_bfm_v2_0/e69044ca/hdl/processing_system7_bfm_v2_0_arb_wr_4.v" Line 10. Module processing_system7_bfm_v2_0_arb_wr_4_default doesn't have a timescale but at least one module in design has a timescale.
WARNING: [XSIM 43-4099] "D:/MA_1/CLK_WIZ_SIMU/CLK_WIZ_SIMU.srcs/sources_1/ipshared/xilinx.com/processing_system7_bfm_v2_0/e69044ca/hdl/processing_system7_bfm_v2_0_arb_rd_4.v" Line 10. Module processing_system7_bfm_v2_0_arb_rd_4_default doesn't have a timescale but at least one module in design has a timescale.
WARNING: [XSIM 43-4099] "D:/MA_1/CLK_WIZ_SIMU/CLK_WIZ_SIMU.srcs/sources_1/ipshared/xilinx.com/processing_system7_bfm_v2_0/e69044ca/hdl/processing_system7_bfm_v2_0_arb_wr.v" Line 10. Module processing_system7_bfm_v2_0_arb_wr_default doesn't have a timescale but at least one module in design has a timescale.
WARNING: [XSIM 43-4099] "D:/MA_1/CLK_WIZ_SIMU/CLK_WIZ_SIMU.srcs/sources_1/ipshared/xilinx.com/processing_system7_bfm_v2_0/e69044ca/hdl/processing_system7_bfm_v2_0_arb_rd.v" Line 10. Module processing_system7_bfm_v2_0_arb_rd_default doesn't have a timescale but at least one module in design has a timescale.
WARNING: [XSIM 43-4099] "D:/MA_1/CLK_WIZ_SIMU/CLK_WIZ_SIMU.srcs/sources_1/ipshared/xilinx.com/processing_system7_bfm_v2_0/e69044ca/hdl/processing_system7_bfm_v2_0_ddrc.v" Line 10. Module processing_system7_bfm_v2_0_ddrc_default doesn't have a timescale but at least one module in design has a timescale.
WARNING: [XSIM 43-4099] "D:/MA_1/CLK_WIZ_SIMU/CLK_WIZ_SIMU.srcs/sources_1/ipshared/xilinx.com/processing_system7_bfm_v2_0/e69044ca/hdl/processing_system7_bfm_v2_0_arb_wr_4.v" Line 10. Module processing_system7_bfm_v2_0_arb_wr_4_default doesn't have a timescale but at least one module in design has a timescale.
WARNING: [XSIM 43-4099] "D:/MA_1/CLK_WIZ_SIMU/CLK_WIZ_SIMU.srcs/sources_1/ipshared/xilinx.com/processing_system7_bfm_v2_0/e69044ca/hdl/processing_system7_bfm_v2_0_arb_rd_4.v" Line 10. Module processing_system7_bfm_v2_0_arb_rd_4_default doesn't have a timescale but at least one module in design has a timescale.
WARNING: [XSIM 43-4099] "D:/MA_1/CLK_WIZ_SIMU/CLK_WIZ_SIMU.srcs/sources_1/ipshared/xilinx.com/processing_system7_bfm_v2_0/e69044ca/hdl/processing_system7_bfm_v2_0_sparse_mem.v" Line 18. Module processing_system7_bfm_v2_0_sparse_mem_default doesn't have a timescale but at least one module in design has a timescale.
WARNING: [XSIM 43-4099] "D:/MA_1/CLK_WIZ_SIMU/CLK_WIZ_SIMU.srcs/sources_1/ipshared/xilinx.com/processing_system7_bfm_v2_0/e69044ca/hdl/processing_system7_bfm_v2_0_ocmc.v" Line 10. Module processing_system7_bfm_v2_0_ocmc_default doesn't have a timescale but at least one module in design has a timescale.
WARNING: [XSIM 43-4099] "D:/MA_1/CLK_WIZ_SIMU/CLK_WIZ_SIMU.srcs/sources_1/ipshared/xilinx.com/processing_system7_bfm_v2_0/e69044ca/hdl/processing_system7_bfm_v2_0_arb_wr.v" Line 10. Module processing_system7_bfm_v2_0_arb_wr_default doesn't have a timescale but at least one module in design has a timescale.
WARNING: [XSIM 43-4099] "D:/MA_1/CLK_WIZ_SIMU/CLK_WIZ_SIMU.srcs/sources_1/ipshared/xilinx.com/processing_system7_bfm_v2_0/e69044ca/hdl/processing_system7_bfm_v2_0_arb_rd.v" Line 10. Module processing_system7_bfm_v2_0_arb_rd_default doesn't have a timescale but at least one module in design has a timescale.
WARNING: [XSIM 43-4099] "D:/MA_1/CLK_WIZ_SIMU/CLK_WIZ_SIMU.srcs/sources_1/ipshared/xilinx.com/processing_system7_bfm_v2_0/e69044ca/hdl/processing_system7_bfm_v2_0_ocm_mem.v" Line 10. Module processing_system7_bfm_v2_0_ocm_mem_default doesn't have a timescale but at least one module in design has a timescale.
WARNING: [XSIM 43-4099] "D:/MA_1/CLK_WIZ_SIMU/CLK_WIZ_SIMU.srcs/sources_1/ipshared/xilinx.com/processing_system7_bfm_v2_0/e69044ca/hdl/processing_system7_bfm_v2_0_regc.v" Line 10. Module processing_system7_bfm_v2_0_regc doesn't have a timescale but at least one module in design has a timescale.
WARNING: [XSIM 43-4099] "D:/MA_1/CLK_WIZ_SIMU/CLK_WIZ_SIMU.srcs/sources_1/ipshared/xilinx.com/processing_system7_bfm_v2_0/e69044ca/hdl/processing_system7_bfm_v2_0_arb_rd.v" Line 10. Module processing_system7_bfm_v2_0_arb_rd_default doesn't have a timescale but at least one module in design has a timescale.
WARNING: [XSIM 43-4099] "D:/MA_1/CLK_WIZ_SIMU/CLK_WIZ_SIMU.srcs/sources_1/ipshared/xilinx.com/processing_system7_bfm_v2_0/e69044ca/hdl/processing_system7_bfm_v2_0_reg_map.v" Line 17. Module processing_system7_bfm_v2_0_reg_map_default doesn't have a timescale but at least one module in design has a timescale.
WARNING: [XSIM 43-4099] "D:/MA_1/CLK_WIZ_SIMU/CLK_WIZ_SIMU.srcs/sources_1/ipshared/xilinx.com/processing_system7_bfm_v2_0/e69044ca/hdl/processing_system7_bfm_v2_0_axi_master.v" Line 10. Module processing_system7_bfm_v2_0_axi_master(enable_this_port=0,master_name="M_AXI_GP0",data_bus_width=32,address_bus_width=32,id_bus_width=12,max_outstanding_transactions=16,exclusive_access_supported=1,EXCL_ID=12'b110000000000,m_axi_gp0_baseaddr=12'b110000001100) doesn't have a timescale but at least one module in design has a timescale.
WARNING: [XSIM 43-4099] "D:/MA_1/CLK_WIZ_SIMU/CLK_WIZ_SIMU.srcs/sources_1/ipshared/xilinx.com/processing_system7_bfm_v2_0/e69044ca/hdl/processing_system7_bfm_v2_0_axi_master.v" Line 10. Module processing_system7_bfm_v2_0_axi_master(enable_this_port=0,master_name="M_AXI_GP1",data_bus_width=32,address_bus_width=32,id_bus_width=12,max_outstanding_transactions=16,exclusive_access_supported=1,EXCL_ID=12'b110000000000,m_axi_gp0_baseaddr=12'b110000001100) doesn't have a timescale but at least one module in design has a timescale.
WARNING: [XSIM 43-4099] "D:/MA_1/CLK_WIZ_SIMU/CLK_WIZ_SIMU.srcs/sources_1/ipshared/xilinx.com/processing_system7_bfm_v2_0/e69044ca/hdl/processing_system7_bfm_v2_0_axi_slave.v" Line 10. Module processing_system7_bfm_v2_0_axi_slave(enable_this_port=0,slave_name="S_AXI_GP0",data_bus_width=32,address_bus_width=32,id_bus_width=6,slave_base_address=32'b0,slave_high_address=32'b11111111111111111111111111111111,max_outstanding_transactions=16,exclusive_access_supported=0,max_wr_outstanding_transactions=8,max_rd_outstanding_transactions=8)_0 doesn't have a timescale but at least one module in design has a timescale.
WARNING: [XSIM 43-4099] "D:/MA_1/CLK_WIZ_SIMU/CLK_WIZ_SIMU.srcs/sources_1/ipshared/xilinx.com/processing_system7_bfm_v2_0/e69044ca/hdl/processing_system7_bfm_v2_0_axi_slave.v" Line 10. Module processing_system7_bfm_v2_0_axi_slave(enable_this_port=0,slave_name="S_AXI_GP1",data_bus_width=32,address_bus_width=32,id_bus_width=6,slave_base_address=32'b0,slave_high_address=32'b11111111111111111111111111111111,max_outstanding_transactions=16,exclusive_access_supported=0,max_wr_outstanding_transactions=8,max_rd_outstanding_transactions=8)_1 doesn't have a timescale but at least one module in design has a timescale.
WARNING: [XSIM 43-4099] "D:/MA_1/CLK_WIZ_SIMU/CLK_WIZ_SIMU.srcs/sources_1/ipshared/xilinx.com/processing_system7_bfm_v2_0/e69044ca/hdl/processing_system7_bfm_v2_0_afi_slave.v" Line 10. Module processing_system7_bfm_v2_0_afi_slave(enable_this_port=0,slave_name="S_AXI_HP0",data_bus_width=32,address_bus_width=32,id_bus_width=6,slave_base_address=32'b0,slave_high_address=32'b11111111111111111111111111111111,max_outstanding_transactions=256,exclusive_access_supported=0)_0 doesn't have a timescale but at least one module in design has a timescale.
WARNING: [XSIM 43-4099] "D:/MA_1/CLK_WIZ_SIMU/CLK_WIZ_SIMU.srcs/sources_1/ipshared/xilinx.com/processing_system7_bfm_v2_0/e69044ca/hdl/processing_system7_bfm_v2_0_intr_wr_mem.v" Line 10. Module processing_system7_bfm_v2_0_intr_wr_mem_0 doesn't have a timescale but at least one module in design has a timescale.
WARNING: [XSIM 43-4099] "D:/MA_1/CLK_WIZ_SIMU/CLK_WIZ_SIMU.srcs/sources_1/ipshared/xilinx.com/processing_system7_bfm_v2_0/e69044ca/hdl/processing_system7_bfm_v2_0_intr_rd_mem.v" Line 10. Module processing_system7_bfm_v2_0_intr_rd_mem_default doesn't have a timescale but at least one module in design has a timescale.
WARNING: [XSIM 43-4099] "D:/MA_1/CLK_WIZ_SIMU/CLK_WIZ_SIMU.srcs/sources_1/ipshared/xilinx.com/processing_system7_bfm_v2_0/e69044ca/hdl/processing_system7_bfm_v2_0_afi_slave.v" Line 10. Module processing_system7_bfm_v2_0_afi_slave(enable_this_port=0,slave_name="S_AXI_HP1",data_bus_width=32,address_bus_width=32,id_bus_width=6,slave_base_address=32'b0,slave_high_address=32'b11111111111111111111111111111111,max_outstanding_transactions=256,exclusive_access_supported=0)_1 doesn't have a timescale but at least one module in design has a timescale.
WARNING: [XSIM 43-4099] "D:/MA_1/CLK_WIZ_SIMU/CLK_WIZ_SIMU.srcs/sources_1/ipshared/xilinx.com/processing_system7_bfm_v2_0/e69044ca/hdl/processing_system7_bfm_v2_0_intr_wr_mem.v" Line 10. Module processing_system7_bfm_v2_0_intr_wr_mem_1 doesn't have a timescale but at least one module in design has a timescale.
WARNING: [XSIM 43-4099] "D:/MA_1/CLK_WIZ_SIMU/CLK_WIZ_SIMU.srcs/sources_1/ipshared/xilinx.com/processing_system7_bfm_v2_0/e69044ca/hdl/processing_system7_bfm_v2_0_intr_rd_mem.v" Line 10. Module processing_system7_bfm_v2_0_intr_rd_mem_default doesn't have a timescale but at least one module in design has a timescale.
WARNING: [XSIM 43-4099] "D:/MA_1/CLK_WIZ_SIMU/CLK_WIZ_SIMU.srcs/sources_1/ipshared/xilinx.com/processing_system7_bfm_v2_0/e69044ca/hdl/processing_system7_bfm_v2_0_afi_slave.v" Line 10. Module processing_system7_bfm_v2_0_afi_slave(enable_this_port=0,slave_name="S_AXI_HP2",data_bus_width=32,address_bus_width=32,id_bus_width=6,slave_base_address=32'b0,slave_high_address=32'b11111111111111111111111111111111,max_outstanding_transactions=256,exclusive_access_supported=0)_2 doesn't have a timescale but at least one module in design has a timescale.
WARNING: [XSIM 43-4099] "D:/MA_1/CLK_WIZ_SIMU/CLK_WIZ_SIMU.srcs/sources_1/ipshared/xilinx.com/processing_system7_bfm_v2_0/e69044ca/hdl/processing_system7_bfm_v2_0_intr_wr_mem.v" Line 10. Module processing_system7_bfm_v2_0_intr_wr_mem_2 doesn't have a timescale but at least one module in design has a timescale.
WARNING: [XSIM 43-4099] "D:/MA_1/CLK_WIZ_SIMU/CLK_WIZ_SIMU.srcs/sources_1/ipshared/xilinx.com/processing_system7_bfm_v2_0/e69044ca/hdl/processing_system7_bfm_v2_0_intr_rd_mem.v" Line 10. Module processing_system7_bfm_v2_0_intr_rd_mem_default doesn't have a timescale but at least one module in design has a timescale.
WARNING: [XSIM 43-4099] "D:/MA_1/CLK_WIZ_SIMU/CLK_WIZ_SIMU.srcs/sources_1/ipshared/xilinx.com/processing_system7_bfm_v2_0/e69044ca/hdl/processing_system7_bfm_v2_0_afi_slave.v" Line 10. Module processing_system7_bfm_v2_0_afi_slave(enable_this_port=0,slave_name="S_AXI_HP3",data_bus_width=32,address_bus_width=32,id_bus_width=6,slave_base_address=32'b0,slave_high_address=32'b11111111111111111111111111111111,max_outstanding_transactions=256,exclusive_access_supported=0)_3 doesn't have a timescale but at least one module in design has a timescale.
WARNING: [XSIM 43-4099] "D:/MA_1/CLK_WIZ_SIMU/CLK_WIZ_SIMU.srcs/sources_1/ipshared/xilinx.com/processing_system7_bfm_v2_0/e69044ca/hdl/processing_system7_bfm_v2_0_intr_wr_mem.v" Line 10. Module processing_system7_bfm_v2_0_intr_wr_mem_3 doesn't have a timescale but at least one module in design has a timescale.
WARNING: [XSIM 43-4099] "D:/MA_1/CLK_WIZ_SIMU/CLK_WIZ_SIMU.srcs/sources_1/ipshared/xilinx.com/processing_system7_bfm_v2_0/e69044ca/hdl/processing_system7_bfm_v2_0_intr_rd_mem.v" Line 10. Module processing_system7_bfm_v2_0_intr_rd_mem_default doesn't have a timescale but at least one module in design has a timescale.
WARNING: [XSIM 43-4099] "D:/MA_1/CLK_WIZ_SIMU/CLK_WIZ_SIMU.srcs/sources_1/ipshared/xilinx.com/processing_system7_bfm_v2_0/e69044ca/hdl/processing_system7_bfm_v2_0_axi_slave.v" Line 10. Module processing_system7_bfm_v2_0_axi_slave(enable_this_port=0,slave_name="S_AXI_ACP",data_bus_width=64,address_bus_width=32,id_bus_width=3,slave_base_address=32'b0,slave_high_address=32'b11111111111111111111111111111111,max_outstanding_transactions=10,exclusive_access_supported=0,max_wr_outstanding_transactions=3,max_rd_outstanding_transactions=7)_2 doesn't have a timescale but at least one module in design has a timescale.
WARNING: [XSIM 43-4099] "D:/MA_1/CLK_WIZ_SIMU/CLK_WIZ_SIMU.srcs/sources_1/ipshared/xilinx.com/processing_system7_bfm_v2_0/e69044ca/hdl/processing_system7_bfm_v2_0_processing_system7_bfm.v" Line 10. Module processing_system7_bfm_v2_0_processing_system7_bfm(C_FCLK_CLK0_FREQ=100,C_USE_S_AXI_GP0=0,C_USE_S_AXI_GP1=0,C_USE_S_AXI_ACP=0) doesn't have a timescale but at least one module in design has a timescale.
WARNING: [XSIM 43-4099] "D:/MA_1/CLK_WIZ_SIMU/CLK_WIZ_SIMU.srcs/sources_1/ipshared/xilinx.com/processing_system7_bfm_v2_0/e69044ca/hdl/processing_system7_bfm_v2_0_gen_reset.v" Line 9. Module processing_system7_bfm_v2_0_gen_reset doesn't have a timescale but at least one module in design has a timescale.
WARNING: [XSIM 43-4099] "D:/MA_1/CLK_WIZ_SIMU/CLK_WIZ_SIMU.srcs/sources_1/ipshared/xilinx.com/processing_system7_bfm_v2_0/e69044ca/hdl/processing_system7_bfm_v2_0_interconnect_model.v" Line 10. Module processing_system7_bfm_v2_0_interconnect_model_default doesn't have a timescale but at least one module in design has a timescale.
WARNING: [XSIM 43-4099] "D:/MA_1/CLK_WIZ_SIMU/CLK_WIZ_SIMU.srcs/sources_1/ipshared/xilinx.com/processing_system7_bfm_v2_0/e69044ca/hdl/processing_system7_bfm_v2_0_fmsw_gp.v" Line 10. Module processing_system7_bfm_v2_0_fmsw_gp_default doesn't have a timescale but at least one module in design has a timescale.
WARNING: [XSIM 43-4099] "D:/MA_1/CLK_WIZ_SIMU/CLK_WIZ_SIMU.srcs/sources_1/ipshared/xilinx.com/processing_system7_bfm_v2_0/e69044ca/hdl/processing_system7_bfm_v2_0_arb_wr.v" Line 10. Module processing_system7_bfm_v2_0_arb_wr_default doesn't have a timescale but at least one module in design has a timescale.
WARNING: [XSIM 43-4099] "D:/MA_1/CLK_WIZ_SIMU/CLK_WIZ_SIMU.srcs/sources_1/ipshared/xilinx.com/processing_system7_bfm_v2_0/e69044ca/hdl/processing_system7_bfm_v2_0_arb_wr.v" Line 10. Module processing_system7_bfm_v2_0_arb_wr_default doesn't have a timescale but at least one module in design has a timescale.
WARNING: [XSIM 43-4099] "D:/MA_1/CLK_WIZ_SIMU/CLK_WIZ_SIMU.srcs/sources_1/ipshared/xilinx.com/processing_system7_bfm_v2_0/e69044ca/hdl/processing_system7_bfm_v2_0_arb_rd.v" Line 10. Module processing_system7_bfm_v2_0_arb_rd_default doesn't have a timescale but at least one module in design has a timescale.
WARNING: [XSIM 43-4099] "D:/MA_1/CLK_WIZ_SIMU/CLK_WIZ_SIMU.srcs/sources_1/ipshared/xilinx.com/processing_system7_bfm_v2_0/e69044ca/hdl/processing_system7_bfm_v2_0_arb_rd.v" Line 10. Module processing_system7_bfm_v2_0_arb_rd_default doesn't have a timescale but at least one module in design has a timescale.
WARNING: [XSIM 43-4099] "D:/MA_1/CLK_WIZ_SIMU/CLK_WIZ_SIMU.srcs/sources_1/ipshared/xilinx.com/processing_system7_bfm_v2_0/e69044ca/hdl/processing_system7_bfm_v2_0_arb_rd.v" Line 10. Module processing_system7_bfm_v2_0_arb_rd_default doesn't have a timescale but at least one module in design has a timescale.
WARNING: [XSIM 43-4099] "D:/MA_1/CLK_WIZ_SIMU/CLK_WIZ_SIMU.srcs/sources_1/ipshared/xilinx.com/processing_system7_bfm_v2_0/e69044ca/hdl/processing_system7_bfm_v2_0_ssw_hp.v" Line 10. Module processing_system7_bfm_v2_0_ssw_hp doesn't have a timescale but at least one module in design has a timescale.
WARNING: [XSIM 43-4099] "D:/MA_1/CLK_WIZ_SIMU/CLK_WIZ_SIMU.srcs/sources_1/ipshared/xilinx.com/processing_system7_bfm_v2_0/e69044ca/hdl/processing_system7_bfm_v2_0_arb_hp0_1.v" Line 10. Module processing_system7_bfm_v2_0_arb_hp0_1_default doesn't have a timescale but at least one module in design has a timescale.
WARNING: [XSIM 43-4099] "D:/MA_1/CLK_WIZ_SIMU/CLK_WIZ_SIMU.srcs/sources_1/ipshared/xilinx.com/processing_system7_bfm_v2_0/e69044ca/hdl/processing_system7_bfm_v2_0_arb_wr.v" Line 10. Module processing_system7_bfm_v2_0_arb_wr_default doesn't have a timescale but at least one module in design has a timescale.
WARNING: [XSIM 43-4099] "D:/MA_1/CLK_WIZ_SIMU/CLK_WIZ_SIMU.srcs/sources_1/ipshared/xilinx.com/processing_system7_bfm_v2_0/e69044ca/hdl/processing_system7_bfm_v2_0_arb_rd.v" Line 10. Module processing_system7_bfm_v2_0_arb_rd_default doesn't have a timescale but at least one module in design has a timescale.
WARNING: [XSIM 43-4099] "D:/MA_1/CLK_WIZ_SIMU/CLK_WIZ_SIMU.srcs/sources_1/ipshared/xilinx.com/processing_system7_bfm_v2_0/e69044ca/hdl/processing_system7_bfm_v2_0_arb_hp2_3.v" Line 10. Module processing_system7_bfm_v2_0_arb_hp2_3_default doesn't have a timescale but at least one module in design has a timescale.
WARNING: [XSIM 43-4099] "D:/MA_1/CLK_WIZ_SIMU/CLK_WIZ_SIMU.srcs/sources_1/ipshared/xilinx.com/processing_system7_bfm_v2_0/e69044ca/hdl/processing_system7_bfm_v2_0_arb_wr.v" Line 10. Module processing_system7_bfm_v2_0_arb_wr_default doesn't have a timescale but at least one module in design has a timescale.
WARNING: [XSIM 43-4099] "D:/MA_1/CLK_WIZ_SIMU/CLK_WIZ_SIMU.srcs/sources_1/ipshared/xilinx.com/processing_system7_bfm_v2_0/e69044ca/hdl/processing_system7_bfm_v2_0_arb_rd.v" Line 10. Module processing_system7_bfm_v2_0_arb_rd_default doesn't have a timescale but at least one module in design has a timescale.
WARNING: [XSIM 43-4099] "D:/MA_1/CLK_WIZ_SIMU/CLK_WIZ_SIMU.srcs/sources_1/ipshared/xilinx.com/processing_system7_bfm_v2_0/e69044ca/hdl/processing_system7_bfm_v2_0_arb_wr_4.v" Line 10. Module processing_system7_bfm_v2_0_arb_wr_4_default doesn't have a timescale but at least one module in design has a timescale.
WARNING: [XSIM 43-4099] "D:/MA_1/CLK_WIZ_SIMU/CLK_WIZ_SIMU.srcs/sources_1/ipshared/xilinx.com/processing_system7_bfm_v2_0/e69044ca/hdl/processing_system7_bfm_v2_0_arb_rd_4.v" Line 10. Module processing_system7_bfm_v2_0_arb_rd_4_default doesn't have a timescale but at least one module in design has a timescale.
WARNING: [XSIM 43-4099] "D:/MA_1/CLK_WIZ_SIMU/CLK_WIZ_SIMU.srcs/sources_1/ipshared/xilinx.com/processing_system7_bfm_v2_0/e69044ca/hdl/processing_system7_bfm_v2_0_arb_wr.v" Line 10. Module processing_system7_bfm_v2_0_arb_wr_default doesn't have a timescale but at least one module in design has a timescale.
WARNING: [XSIM 43-4099] "D:/MA_1/CLK_WIZ_SIMU/CLK_WIZ_SIMU.srcs/sources_1/ipshared/xilinx.com/processing_system7_bfm_v2_0/e69044ca/hdl/processing_system7_bfm_v2_0_arb_rd.v" Line 10. Module processing_system7_bfm_v2_0_arb_rd_default doesn't have a timescale but at least one module in design has a timescale.
WARNING: [XSIM 43-4099] "D:/MA_1/CLK_WIZ_SIMU/CLK_WIZ_SIMU.srcs/sources_1/ipshared/xilinx.com/processing_system7_bfm_v2_0/e69044ca/hdl/processing_system7_bfm_v2_0_ddrc.v" Line 10. Module processing_system7_bfm_v2_0_ddrc_default doesn't have a timescale but at least one module in design has a timescale.
WARNING: [XSIM 43-4099] "D:/MA_1/CLK_WIZ_SIMU/CLK_WIZ_SIMU.srcs/sources_1/ipshared/xilinx.com/processing_system7_bfm_v2_0/e69044ca/hdl/processing_system7_bfm_v2_0_arb_wr_4.v" Line 10. Module processing_system7_bfm_v2_0_arb_wr_4_default doesn't have a timescale but at least one module in design has a timescale.
WARNING: [XSIM 43-4099] "D:/MA_1/CLK_WIZ_SIMU/CLK_WIZ_SIMU.srcs/sources_1/ipshared/xilinx.com/processing_system7_bfm_v2_0/e69044ca/hdl/processing_system7_bfm_v2_0_arb_rd_4.v" Line 10. Module processing_system7_bfm_v2_0_arb_rd_4_default doesn't have a timescale but at least one module in design has a timescale.
WARNING: [XSIM 43-4099] "D:/MA_1/CLK_WIZ_SIMU/CLK_WIZ_SIMU.srcs/sources_1/ipshared/xilinx.com/processing_system7_bfm_v2_0/e69044ca/hdl/processing_system7_bfm_v2_0_sparse_mem.v" Line 18. Module processing_system7_bfm_v2_0_sparse_mem_default doesn't have a timescale but at least one module in design has a timescale.
WARNING: [XSIM 43-4099] "D:/MA_1/CLK_WIZ_SIMU/CLK_WIZ_SIMU.srcs/sources_1/ipshared/xilinx.com/processing_system7_bfm_v2_0/e69044ca/hdl/processing_system7_bfm_v2_0_ocmc.v" Line 10. Module processing_system7_bfm_v2_0_ocmc_default doesn't have a timescale but at least one module in design has a timescale.
WARNING: [XSIM 43-4099] "D:/MA_1/CLK_WIZ_SIMU/CLK_WIZ_SIMU.srcs/sources_1/ipshared/xilinx.com/processing_system7_bfm_v2_0/e69044ca/hdl/processing_system7_bfm_v2_0_arb_wr.v" Line 10. Module processing_system7_bfm_v2_0_arb_wr_default doesn't have a timescale but at least one module in design has a timescale.
WARNING: [XSIM 43-4099] "D:/MA_1/CLK_WIZ_SIMU/CLK_WIZ_SIMU.srcs/sources_1/ipshared/xilinx.com/processing_system7_bfm_v2_0/e69044ca/hdl/processing_system7_bfm_v2_0_arb_rd.v" Line 10. Module processing_system7_bfm_v2_0_arb_rd_default doesn't have a timescale but at least one module in design has a timescale.
WARNING: [XSIM 43-4099] "D:/MA_1/CLK_WIZ_SIMU/CLK_WIZ_SIMU.srcs/sources_1/ipshared/xilinx.com/processing_system7_bfm_v2_0/e69044ca/hdl/processing_system7_bfm_v2_0_ocm_mem.v" Line 10. Module processing_system7_bfm_v2_0_ocm_mem_default doesn't have a timescale but at least one module in design has a timescale.
WARNING: [XSIM 43-4099] "D:/MA_1/CLK_WIZ_SIMU/CLK_WIZ_SIMU.srcs/sources_1/ipshared/xilinx.com/processing_system7_bfm_v2_0/e69044ca/hdl/processing_system7_bfm_v2_0_regc.v" Line 10. Module processing_system7_bfm_v2_0_regc doesn't have a timescale but at least one module in design has a timescale.
WARNING: [XSIM 43-4099] "D:/MA_1/CLK_WIZ_SIMU/CLK_WIZ_SIMU.srcs/sources_1/ipshared/xilinx.com/processing_system7_bfm_v2_0/e69044ca/hdl/processing_system7_bfm_v2_0_arb_rd.v" Line 10. Module processing_system7_bfm_v2_0_arb_rd_default doesn't have a timescale but at least one module in design has a timescale.
WARNING: [XSIM 43-4099] "D:/MA_1/CLK_WIZ_SIMU/CLK_WIZ_SIMU.srcs/sources_1/ipshared/xilinx.com/processing_system7_bfm_v2_0/e69044ca/hdl/processing_system7_bfm_v2_0_reg_map.v" Line 17. Module processing_system7_bfm_v2_0_reg_map_default doesn't have a timescale but at least one module in design has a timescale.
WARNING: [XSIM 43-4099] "D:/MA_1/CLK_WIZ_SIMU/CLK_WIZ_SIMU.srcs/sources_1/ipshared/xilinx.com/processing_system7_bfm_v2_0/e69044ca/hdl/processing_system7_bfm_v2_0_axi_master.v" Line 10. Module processing_system7_bfm_v2_0_axi_master(enable_this_port=0,master_name="M_AXI_GP0",data_bus_width=32,address_bus_width=32,id_bus_width=12,max_outstanding_transactions=16,exclusive_access_supported=1,EXCL_ID=12'b110000000000,m_axi_gp0_baseaddr=12'b110000001100) doesn't have a timescale but at least one module in design has a timescale.
WARNING: [XSIM 43-4099] "D:/MA_1/CLK_WIZ_SIMU/CLK_WIZ_SIMU.srcs/sources_1/ipshared/xilinx.com/processing_system7_bfm_v2_0/e69044ca/hdl/processing_system7_bfm_v2_0_axi_master.v" Line 10. Module processing_system7_bfm_v2_0_axi_master(enable_this_port=0,master_name="M_AXI_GP1",data_bus_width=32,address_bus_width=32,id_bus_width=12,max_outstanding_transactions=16,exclusive_access_supported=1,EXCL_ID=12'b110000000000,m_axi_gp0_baseaddr=12'b110000001100) doesn't have a timescale but at least one module in design has a timescale.
WARNING: [XSIM 43-4099] "D:/MA_1/CLK_WIZ_SIMU/CLK_WIZ_SIMU.srcs/sources_1/ipshared/xilinx.com/processing_system7_bfm_v2_0/e69044ca/hdl/processing_system7_bfm_v2_0_axi_slave.v" Line 10. Module processing_system7_bfm_v2_0_axi_slave(enable_this_port=0,slave_name="S_AXI_GP0",data_bus_width=32,address_bus_width=32,id_bus_width=6,slave_base_address=32'b0,slave_high_address=32'b11111111111111111111111111111111,max_outstanding_transactions=16,exclusive_access_supported=0,max_wr_outstanding_transactions=8,max_rd_outstanding_transactions=8)_0 doesn't have a timescale but at least one module in design has a timescale.
WARNING: [XSIM 43-4099] "D:/MA_1/CLK_WIZ_SIMU/CLK_WIZ_SIMU.srcs/sources_1/ipshared/xilinx.com/processing_system7_bfm_v2_0/e69044ca/hdl/processing_system7_bfm_v2_0_axi_slave.v" Line 10. Module processing_system7_bfm_v2_0_axi_slave(enable_this_port=0,slave_name="S_AXI_GP1",data_bus_width=32,address_bus_width=32,id_bus_width=6,slave_base_address=32'b0,slave_high_address=32'b11111111111111111111111111111111,max_outstanding_transactions=16,exclusive_access_supported=0,max_wr_outstanding_transactions=8,max_rd_outstanding_transactions=8)_1 doesn't have a timescale but at least one module in design has a timescale.
WARNING: [XSIM 43-4099] "D:/MA_1/CLK_WIZ_SIMU/CLK_WIZ_SIMU.srcs/sources_1/ipshared/xilinx.com/processing_system7_bfm_v2_0/e69044ca/hdl/processing_system7_bfm_v2_0_afi_slave.v" Line 10. Module processing_system7_bfm_v2_0_afi_slave(enable_this_port=0,slave_name="S_AXI_HP0",data_bus_width=32,address_bus_width=32,id_bus_width=6,slave_base_address=32'b0,slave_high_address=32'b11111111111111111111111111111111,max_outstanding_transactions=256,exclusive_access_supported=0)_0 doesn't have a timescale but at least one module in design has a timescale.
WARNING: [XSIM 43-4099] "D:/MA_1/CLK_WIZ_SIMU/CLK_WIZ_SIMU.srcs/sources_1/ipshared/xilinx.com/processing_system7_bfm_v2_0/e69044ca/hdl/processing_system7_bfm_v2_0_intr_wr_mem.v" Line 10. Module processing_system7_bfm_v2_0_intr_wr_mem_0 doesn't have a timescale but at least one module in design has a timescale.
WARNING: [XSIM 43-4099] "D:/MA_1/CLK_WIZ_SIMU/CLK_WIZ_SIMU.srcs/sources_1/ipshared/xilinx.com/processing_system7_bfm_v2_0/e69044ca/hdl/processing_system7_bfm_v2_0_intr_rd_mem.v" Line 10. Module processing_system7_bfm_v2_0_intr_rd_mem_default doesn't have a timescale but at least one module in design has a timescale.
WARNING: [XSIM 43-4099] "D:/MA_1/CLK_WIZ_SIMU/CLK_WIZ_SIMU.srcs/sources_1/ipshared/xilinx.com/processing_system7_bfm_v2_0/e69044ca/hdl/processing_system7_bfm_v2_0_afi_slave.v" Line 10. Module processing_system7_bfm_v2_0_afi_slave(enable_this_port=0,slave_name="S_AXI_HP1",data_bus_width=32,address_bus_width=32,id_bus_width=6,slave_base_address=32'b0,slave_high_address=32'b11111111111111111111111111111111,max_outstanding_transactions=256,exclusive_access_supported=0)_1 doesn't have a timescale but at least one module in design has a timescale.
WARNING: [XSIM 43-4099] "D:/MA_1/CLK_WIZ_SIMU/CLK_WIZ_SIMU.srcs/sources_1/ipshared/xilinx.com/processing_system7_bfm_v2_0/e69044ca/hdl/processing_system7_bfm_v2_0_intr_wr_mem.v" Line 10. Module processing_system7_bfm_v2_0_intr_wr_mem_1 doesn't have a timescale but at least one module in design has a timescale.
WARNING: [XSIM 43-4099] "D:/MA_1/CLK_WIZ_SIMU/CLK_WIZ_SIMU.srcs/sources_1/ipshared/xilinx.com/processing_system7_bfm_v2_0/e69044ca/hdl/processing_system7_bfm_v2_0_intr_rd_mem.v" Line 10. Module processing_system7_bfm_v2_0_intr_rd_mem_default doesn't have a timescale but at least one module in design has a timescale.
WARNING: [XSIM 43-4099] "D:/MA_1/CLK_WIZ_SIMU/CLK_WIZ_SIMU.srcs/sources_1/ipshared/xilinx.com/processing_system7_bfm_v2_0/e69044ca/hdl/processing_system7_bfm_v2_0_afi_slave.v" Line 10. Module processing_system7_bfm_v2_0_afi_slave(enable_this_port=0,slave_name="S_AXI_HP2",data_bus_width=32,address_bus_width=32,id_bus_width=6,slave_base_address=32'b0,slave_high_address=32'b11111111111111111111111111111111,max_outstanding_transactions=256,exclusive_access_supported=0)_2 doesn't have a timescale but at least one module in design has a timescale.
WARNING: [XSIM 43-4099] "D:/MA_1/CLK_WIZ_SIMU/CLK_WIZ_SIMU.srcs/sources_1/ipshared/xilinx.com/processing_system7_bfm_v2_0/e69044ca/hdl/processing_system7_bfm_v2_0_intr_wr_mem.v" Line 10. Module processing_system7_bfm_v2_0_intr_wr_mem_2 doesn't have a timescale but at least one module in design has a timescale.
WARNING: [XSIM 43-4099] "D:/MA_1/CLK_WIZ_SIMU/CLK_WIZ_SIMU.srcs/sources_1/ipshared/xilinx.com/processing_system7_bfm_v2_0/e69044ca/hdl/processing_system7_bfm_v2_0_intr_rd_mem.v" Line 10. Module processing_system7_bfm_v2_0_intr_rd_mem_default doesn't have a timescale but at least one module in design has a timescale.
WARNING: [XSIM 43-4099] "D:/MA_1/CLK_WIZ_SIMU/CLK_WIZ_SIMU.srcs/sources_1/ipshared/xilinx.com/processing_system7_bfm_v2_0/e69044ca/hdl/processing_system7_bfm_v2_0_afi_slave.v" Line 10. Module processing_system7_bfm_v2_0_afi_slave(enable_this_port=0,slave_name="S_AXI_HP3",data_bus_width=32,address_bus_width=32,id_bus_width=6,slave_base_address=32'b0,slave_high_address=32'b11111111111111111111111111111111,max_outstanding_transactions=256,exclusive_access_supported=0)_3 doesn't have a timescale but at least one module in design has a timescale.
WARNING: [XSIM 43-4099] "D:/MA_1/CLK_WIZ_SIMU/CLK_WIZ_SIMU.srcs/sources_1/ipshared/xilinx.com/processing_system7_bfm_v2_0/e69044ca/hdl/processing_system7_bfm_v2_0_intr_wr_mem.v" Line 10. Module processing_system7_bfm_v2_0_intr_wr_mem_3 doesn't have a timescale but at least one module in design has a timescale.
WARNING: [XSIM 43-4099] "D:/MA_1/CLK_WIZ_SIMU/CLK_WIZ_SIMU.srcs/sources_1/ipshared/xilinx.com/processing_system7_bfm_v2_0/e69044ca/hdl/processing_system7_bfm_v2_0_intr_rd_mem.v" Line 10. Module processing_system7_bfm_v2_0_intr_rd_mem_default doesn't have a timescale but at least one module in design has a timescale.
WARNING: [XSIM 43-4099] "D:/MA_1/CLK_WIZ_SIMU/CLK_WIZ_SIMU.srcs/sources_1/ipshared/xilinx.com/processing_system7_bfm_v2_0/e69044ca/hdl/processing_system7_bfm_v2_0_axi_slave.v" Line 10. Module processing_system7_bfm_v2_0_axi_slave(enable_this_port=0,slave_name="S_AXI_ACP",data_bus_width=64,address_bus_width=32,id_bus_width=3,slave_base_address=32'b0,slave_high_address=32'b11111111111111111111111111111111,max_outstanding_transactions=10,exclusive_access_supported=0,max_wr_outstanding_transactions=3,max_rd_outstanding_transactions=7)_2 doesn't have a timescale but at least one module in design has a timescale.
Completed simulation data flow analysis
Time Resolution for simulation is 1ps
Compiling package std.standard
Compiling package ieee.std_logic_1164
Compiling package unisim.vcomponents
Compiling package ieee.std_logic_arith
Compiling package ieee.std_logic_unsigned
Compiling package ieee.numeric_std
Compiling package ieee.std_logic_signed
Compiling package std.textio
Compiling package ieee.vital_timing
Compiling package ieee.vital_primitives
Compiling package unisim.vpkg
Compiling package vl.vl_types
Compiling module xil_defaultlib.glbl
Compiling architecture gnd_v of entity unisim.GND [gnd_default]
Compiling architecture ibuf_v of entity unisim.IBUF [\IBUF("DONT_CARE","0",true,"AUTO...]
Compiling architecture mmcme2_adv_v of entity unisim.MMCME2_ADV [\MMCME2_ADV("OPTIMIZED",10.0,0.0...]
Compiling architecture bufg_v of entity unisim.BUFG [bufg_default]
Compiling architecture xilinx of entity xil_defaultlib.design_1_clk_wiz_0_0_clk_wiz [design_1_clk_wiz_0_0_clk_wiz_def...]
Compiling architecture xilinx of entity xil_defaultlib.design_1_clk_wiz_0_0 [design_1_clk_wiz_0_0_default]
Compiling module xil_defaultlib.processing_system7_bfm_v2_0_gen_...
Compiling module xil_defaultlib.processing_system7_bfm_v2_0_gen_...
Compiling module xil_defaultlib.processing_system7_bfm_v2_0_arb_...
Compiling module xil_defaultlib.processing_system7_bfm_v2_0_arb_...
Compiling module xil_defaultlib.processing_system7_bfm_v2_0_fmsw...
Compiling module xil_defaultlib.processing_system7_bfm_v2_0_arb_...
Compiling module xil_defaultlib.processing_system7_bfm_v2_0_arb_...
Compiling module xil_defaultlib.processing_system7_bfm_v2_0_arb_...
Compiling module xil_defaultlib.processing_system7_bfm_v2_0_arb_...
Compiling module xil_defaultlib.processing_system7_bfm_v2_0_ssw_...
Compiling module xil_defaultlib.processing_system7_bfm_v2_0_inte...
Compiling module xil_defaultlib.processing_system7_bfm_v2_0_spar...
Compiling module xil_defaultlib.processing_system7_bfm_v2_0_ddrc...
Compiling module xil_defaultlib.processing_system7_bfm_v2_0_ocm_...
Compiling module xil_defaultlib.processing_system7_bfm_v2_0_ocmc...
Compiling module xil_defaultlib.processing_system7_bfm_v2_0_reg_...
Compiling module xil_defaultlib.processing_system7_bfm_v2_0_regc
Compiling secureip modules ...
Compiling module xil_defaultlib.processing_system7_bfm_v2_0_axi_...
Compiling secureip modules ...
Compiling module xil_defaultlib.processing_system7_bfm_v2_0_axi_...
Compiling secureip modules ...
Compiling module xil_defaultlib.processing_system7_bfm_v2_0_axi_...
Compiling secureip modules ...
Compiling module xil_defaultlib.processing_system7_bfm_v2_0_axi_...
Compiling secureip modules ...
Compiling module xil_defaultlib.processing_system7_bfm_v2_0_intr...
Compiling module xil_defaultlib.processing_system7_bfm_v2_0_intr...
Compiling module xil_defaultlib.processing_system7_bfm_v2_0_afi_...
Compiling secureip modules ...
Compiling module xil_defaultlib.processing_system7_bfm_v2_0_intr...
Compiling module xil_defaultlib.processing_system7_bfm_v2_0_afi_...
Compiling secureip modules ...
Compiling module xil_defaultlib.processing_system7_bfm_v2_0_intr...
Compiling module xil_defaultlib.processing_system7_bfm_v2_0_afi_...
Compiling secureip modules ...
Compiling module xil_defaultlib.processing_system7_bfm_v2_0_intr...
Compiling module xil_defaultlib.processing_system7_bfm_v2_0_afi_...
Compiling secureip modules ...
Compiling module xil_defaultlib.processing_system7_bfm_v2_0_axi_...
Compiling module xil_defaultlib.processing_system7_bfm_v2_0_proc...
Compiling module xil_defaultlib.design_1_processing_system7_bfm_...
Compiling architecture structure of entity xil_defaultlib.design_1 [design_1_default]
Compiling architecture structure of entity xil_defaultlib.design_1_wrapper
Waiting for 3 sub-compilation(s) to finish...
Built simulation snapshot design_1_wrapper_behav
